Using pre-set license
Built from '2020.3/staging' branch; Version is '2020.3.20f1 (41c4e627c95f) revision 4310246'; Using compiler version '192528614'; Build Type 'Release'
OS: 'Windows 10 Pro; OS build 19042.1348; Version 2009; 64bit' Language: 'en' Physical Memory: 8083 MB
BatchMode: 1, IsHumanControllingUs: 0, StartBugReporterOnCrash: 0, Is64bit: 1, IsPro: 0

COMMAND LINE ARGUMENTS:
C:\Program Files\Unity\Hub\Editor\2020.3.20f1\Editor\Unity.exe
-adb2
-batchMode
-noUpm
-name
AssetImportWorker0
-projectPath
C:/Users/UTAMA/My project (1)
-logFile
Logs/AssetImportWorker0.log
-srvPort
65460
Successfully changed project path to: C:/Users/UTAMA/My project (1)
C:/Users/UTAMA/My project (1)
Using Asset Import Pipeline V2.
Refreshing native plugins compatible for Editor in 1529.64 ms, found 2 plugins.
Preloading 0 native plugins for Editor in 0.00 ms.
Initialize engine version: 2020.3.20f1 (41c4e627c95f)
[Subsystems] Discovering subsystems at path C:/Program Files/Unity/Hub/Editor/2020.3.20f1/Editor/Data/Resources/UnitySubsystems
[Subsystems] Discovering subsystems at path C:/Users/UTAMA/My project (1)/Assets
GfxDevice: creating device client; threaded=0
Direct3D:
    Version:  Direct3D 11.0 [level 11.1]
    Renderer: Intel(R) HD Graphics 630 (ID=0x5912)
    Vendor:   
    VRAM:     4041 MB
    Driver:   27.20.100.8681
Initialize mono
Mono path[0] = 'C:/Program Files/Unity/Hub/Editor/2020.3.20f1/Editor/Data/Managed'
Mono path[1] = 'C:/Program Files/Unity/Hub/Editor/2020.3.20f1/Editor/Data/MonoBleedingEdge/lib/mono/unityjit'
Mono config path = 'C:/Program Files/Unity/Hub/Editor/2020.3.20f1/Editor/Data/MonoBleedingEdge/etc'
Using monoOptions --debugger-agent=transport=dt_socket,embedding=1,server=y,suspend=n,address=127.0.0.1:56004
Begin MonoManager ReloadAssembly
Registering precompiled unity dll's ...
Register platform support module: C:/Program Files/Unity/Hub/Editor/2020.3.20f1/Editor/Data/PlaybackEngines/WindowsStandaloneSupport/UnityEditor.WindowsStandalone.Extensions.dll
Registered in 0.006226 seconds.
Native extension for WindowsStandalone target not found
Refreshing native plugins compatible for Editor in 165.02 ms, found 2 plugins.
Preloading 0 native plugins for Editor in 0.00 ms.
Mono: successfully reloaded assembly
- Completed reload, in  5.423 seconds
Domain Reload Profiling:
	ReloadAssembly (5424ms)
		BeginReloadAssembly (148ms)
			ExecutionOrderSort (0ms)
			DisableScriptedObjects (0ms)
			BackupInstance (0ms)
			ReleaseScriptingObjects (0ms)
			CreateAndSetChildDomain (3ms)
		EndReloadAssembly (705ms)
			LoadAssemblies (142ms)
			RebuildTransferFunctionScriptingTraits (2ms)
			SetupTypeCache (259ms)
			ReleaseScriptCaches (0ms)
			RebuildScriptCaches (35ms)
			SetupLoadedEditorAssemblies (327ms)
				LogAssemblyErrors (0ms)
				InitializePlatformSupportModulesInManaged (5ms)
				SetLoadedEditorAssemblies (0ms)
				RefreshPlugins (165ms)
				BeforeProcessingInitializeOnLoad (15ms)
				ProcessInitializeOnLoadAttributes (106ms)
				ProcessInitializeOnLoadMethodAttributes (34ms)
				AfterProcessingInitializeOnLoad (0ms)
				EditorAssembliesLoaded (1ms)
			ExecutionOrderSort2 (0ms)
			AwakeInstancesAfterBackupRestoration (0ms)
Platform modules already initialized, skipping
Registering precompiled user dll's ...
Registered in 0.030320 seconds.
Begin MonoManager ReloadAssembly
Native extension for WindowsStandalone target not found
Refreshing native plugins compatible for Editor in 188.86 ms, found 2 plugins.
Preloading 0 native plugins for Editor in 0.00 ms.
Mono: successfully reloaded assembly
- Completed reload, in  2.152 seconds
Domain Reload Profiling:
	ReloadAssembly (2154ms)
		BeginReloadAssembly (173ms)
			ExecutionOrderSort (0ms)
			DisableScriptedObjects (5ms)
			BackupInstance (0ms)
			ReleaseScriptingObjects (0ms)
			CreateAndSetChildDomain (24ms)
		EndReloadAssembly (1913ms)
			LoadAssemblies (275ms)
			RebuildTransferFunctionScriptingTraits (0ms)
			SetupTypeCache (494ms)
			ReleaseScriptCaches (1ms)
			RebuildScriptCaches (136ms)
			SetupLoadedEditorAssemblies (851ms)
				LogAssemblyErrors (0ms)
				InitializePlatformSupportModulesInManaged (6ms)
				SetLoadedEditorAssemblies (0ms)
				RefreshPlugins (189ms)
				BeforeProcessingInitializeOnLoad (121ms)
				ProcessInitializeOnLoadAttributes (519ms)
				ProcessInitializeOnLoadMethodAttributes (9ms)
				AfterProcessingInitializeOnLoad (7ms)
				EditorAssembliesLoaded (0ms)
			ExecutionOrderSort2 (0ms)
			AwakeInstancesAfterBackupRestoration (7ms)
Platform modules already initialized, skipping
========================================================================
Worker process is ready to serve import requests
Launched and connected shader compiler UnityShaderCompiler.exe after 0.07 seconds
Refreshing native plugins compatible for Editor in 1.77 ms, found 2 plugins.
Preloading 0 native plugins for Editor in 0.00 ms.
Unloading 3975 Unused Serialized files (Serialized files now loaded: 0)
System memory in use before: 204.4 MB.
System memory in use after: 204.5 MB.

Unloading 25 unused Assets to reduce memory usage. Loaded Objects now: 4437.
Total: 5.753900 ms (FindLiveObjects: 0.502800 ms CreateObjectMapping: 0.238800 ms MarkObjects: 4.801000 ms  DeleteObjects: 0.206900 ms)

AssetImportParameters requested are different than current active one (requested -> active):
  custom:framework-win-MediaFoundation: 216162199b28c13a410421893ffa2e32 -> 
  custom:video-decoder-ogg-theora: a1e56fd34408186e4bbccfd4996cb3dc -> 
  custom:container-muxer-webm: aa71ff27fc2769a1b78a27578f13a17b -> 
  custom:container-demuxer-webm: 4f35f7cbe854078d1ac9338744f61a02 -> 
  custom:container-demuxer-ogg: 62fdf1f143b41e24485cea50d1cbac27 -> 
  custom:video-encoder-webm-vp8: eb34c28f22e8b96e1ab97ce403110664 -> 
  custom:video-decoder-webm-vp8: 9c59270c3fd7afecdb556c50c9e8de78 -> 
  custom:audio-decoder-ogg-vorbis: bf7c407c2cedff20999df2af8eb42d56 -> 
  custom:audio-encoder-webm-vorbis: bf7c407c2cedff20999df2af8eb42d56 -> 
========================================================================
Received Import Request.
  path: Assets/prefabs/mesopotamia/manusia/coba.fbx
  artifactKey: Guid(fe5f7f8bc13b92a4c88f4d3e2f9de3c3) Importer(815301076,1909f56bfc062723c751e8b465ee728b)
Start importing Assets/prefabs/mesopotamia/manusia/coba.fbx using Guid(fe5f7f8bc13b92a4c88f4d3e2f9de3c3) Importer(815301076,1909f56bfc062723c751e8b465ee728b)  -> (artifact id: 'f8171e0333c65674eab617cd9e785c39') in 1.099406 seconds 
  Import took 1.111425 seconds .

========================================================================
Received Import Request.
  Time since last request: 15.546861 seconds.
  path: Assets/animation/tes.controller
  artifactKey: Guid(bae8fef06e721f544b583189aa85dce1) Importer(815301076,1909f56bfc062723c751e8b465ee728b)
Start importing Assets/animation/tes.controller using Guid(bae8fef06e721f544b583189aa85dce1) Importer(815301076,1909f56bfc062723c751e8b465ee728b)  -> (artifact id: 'b0869139a596a1994ae25b4384a98d30') in 0.046015 seconds 
  Import took 0.059335 seconds .

========================================================================
Received Prepare
Registering precompiled user dll's ...
Registered in 0.011700 seconds.
Begin MonoManager ReloadAssembly
Native extension for WindowsStandalone target not found
Refreshing native plugins compatible for Editor in 1.25 ms, found 2 plugins.
Preloading 0 native plugins for Editor in 0.00 ms.
Mono: successfully reloaded assembly
- Completed reload, in  1.461 seconds
Domain Reload Profiling:
	ReloadAssembly (1461ms)
		BeginReloadAssembly (184ms)
			ExecutionOrderSort (0ms)
			DisableScriptedObjects (7ms)
			BackupInstance (0ms)
			ReleaseScriptingObjects (0ms)
			CreateAndSetChildDomain (51ms)
		EndReloadAssembly (1203ms)
			LoadAssemblies (143ms)
			RebuildTransferFunctionScriptingTraits (0ms)
			SetupTypeCache (457ms)
			ReleaseScriptCaches (2ms)
			RebuildScriptCaches (64ms)
			SetupLoadedEditorAssemblies (378ms)
				LogAssemblyErrors (0ms)
				InitializePlatformSupportModulesInManaged (4ms)
				SetLoadedEditorAssemblies (0ms)
				RefreshPlugins (1ms)
				BeforeProcessingInitializeOnLoad (82ms)
				ProcessInitializeOnLoadAttributes (276ms)
				ProcessInitializeOnLoadMethodAttributes (7ms)
				AfterProcessingInitializeOnLoad (7ms)
				EditorAssembliesLoaded (0ms)
			ExecutionOrderSort2 (0ms)
			AwakeInstancesAfterBackupRestoration (16ms)
Platform modules already initialized, skipping
Refreshing native plugins compatible for Editor in 1.23 ms, found 2 plugins.
Preloading 0 native plugins for Editor in 0.00 ms.
Unloading 3813 Unused Serialized files (Serialized files now loaded: 0)
System memory in use before: 210.9 MB.
System memory in use after: 211.1 MB.

Unloading 18 unused Assets to reduce memory usage. Loaded Objects now: 4521.
Total: 4.214900 ms (FindLiveObjects: 0.418300 ms CreateObjectMapping: 0.250000 ms MarkObjects: 3.421900 ms  DeleteObjects: 0.123100 ms)

AssetImportParameters requested are different than current active one (requested -> active):
  custom:framework-win-MediaFoundation: 216162199b28c13a410421893ffa2e32 -> 
  custom:video-decoder-ogg-theora: a1e56fd34408186e4bbccfd4996cb3dc -> 
  custom:container-muxer-webm: aa71ff27fc2769a1b78a27578f13a17b -> 
  custom:container-demuxer-webm: 4f35f7cbe854078d1ac9338744f61a02 -> 
  custom:container-demuxer-ogg: 62fdf1f143b41e24485cea50d1cbac27 -> 
  custom:video-encoder-webm-vp8: eb34c28f22e8b96e1ab97ce403110664 -> 
  custom:video-decoder-webm-vp8: 9c59270c3fd7afecdb556c50c9e8de78 -> 
  custom:audio-decoder-ogg-vorbis: bf7c407c2cedff20999df2af8eb42d56 -> 
  custom:audio-encoder-webm-vorbis: bf7c407c2cedff20999df2af8eb42d56 -> 
========================================================================
Received Prepare
Registering precompiled user dll's ...
Registered in 0.006848 seconds.
Begin MonoManager ReloadAssembly
Native extension for WindowsStandalone target not found
Refreshing native plugins compatible for Editor in 1.31 ms, found 2 plugins.
Preloading 0 native plugins for Editor in 0.00 ms.
Mono: successfully reloaded assembly
- Completed reload, in  1.395 seconds
Domain Reload Profiling:
	ReloadAssembly (1395ms)
		BeginReloadAssembly (154ms)
			ExecutionOrderSort (0ms)
			DisableScriptedObjects (5ms)
			BackupInstance (0ms)
			ReleaseScriptingObjects (0ms)
			CreateAndSetChildDomain (57ms)
		EndReloadAssembly (1167ms)
			LoadAssemblies (143ms)
			RebuildTransferFunctionScriptingTraits (0ms)
			SetupTypeCache (426ms)
			ReleaseScriptCaches (1ms)
			RebuildScriptCaches (55ms)
			SetupLoadedEditorAssemblies (388ms)
				LogAssemblyErrors (0ms)
				InitializePlatformSupportModulesInManaged (5ms)
				SetLoadedEditorAssemblies (0ms)
				RefreshPlugins (1ms)
				BeforeProcessingInitializeOnLoad (84ms)
				ProcessInitializeOnLoadAttributes (283ms)
				ProcessInitializeOnLoadMethodAttributes (8ms)
				AfterProcessingInitializeOnLoad (7ms)
				EditorAssembliesLoaded (0ms)
			ExecutionOrderSort2 (0ms)
			AwakeInstancesAfterBackupRestoration (17ms)
Platform modules already initialized, skipping
Refreshing native plugins compatible for Editor in 1.29 ms, found 2 plugins.
Preloading 0 native plugins for Editor in 0.00 ms.
Unloading 3813 Unused Serialized files (Serialized files now loaded: 0)
System memory in use before: 211.0 MB.
System memory in use after: 211.2 MB.

Unloading 18 unused Assets to reduce memory usage. Loaded Objects now: 4523.
Total: 4.651400 ms (FindLiveObjects: 0.389200 ms CreateObjectMapping: 0.234200 ms MarkObjects: 3.900700 ms  DeleteObjects: 0.126000 ms)

AssetImportParameters requested are different than current active one (requested -> active):
  custom:framework-win-MediaFoundation: 216162199b28c13a410421893ffa2e32 -> 
  custom:video-decoder-ogg-theora: a1e56fd34408186e4bbccfd4996cb3dc -> 
  custom:container-muxer-webm: aa71ff27fc2769a1b78a27578f13a17b -> 
  custom:container-demuxer-webm: 4f35f7cbe854078d1ac9338744f61a02 -> 
  custom:container-demuxer-ogg: 62fdf1f143b41e24485cea50d1cbac27 -> 
  custom:video-encoder-webm-vp8: eb34c28f22e8b96e1ab97ce403110664 -> 
  custom:video-decoder-webm-vp8: 9c59270c3fd7afecdb556c50c9e8de78 -> 
  custom:audio-decoder-ogg-vorbis: bf7c407c2cedff20999df2af8eb42d56 -> 
  custom:audio-encoder-webm-vorbis: bf7c407c2cedff20999df2af8eb42d56 -> 
========================================================================
Received Import Request.
  Time since last request: 239.935358 seconds.
  path: Assets/animation/coba@Two Hand Spell Casting.fbx
  artifactKey: Guid(5a2545f4336ce2d4188baae503288681) Importer(815301076,1909f56bfc062723c751e8b465ee728b)
Start importing Assets/animation/coba@Two Hand Spell Casting.fbx using Guid(5a2545f4336ce2d4188baae503288681) Importer(815301076,1909f56bfc062723c751e8b465ee728b)  -> (artifact id: '30bc9838bb35a87f493ca993aecfe4d8') in 0.114524 seconds 
  Import took 0.134915 seconds .

========================================================================
Received Import Request.
  Time since last request: 5.583265 seconds.
  path: Assets/animation/coba@Two Hand Spell Casting.fbx
  artifactKey: Guid(5a2545f4336ce2d4188baae503288681) Importer(815301076,1909f56bfc062723c751e8b465ee728b)
Start importing Assets/animation/coba@Two Hand Spell Casting.fbx using Guid(5a2545f4336ce2d4188baae503288681) Importer(815301076,1909f56bfc062723c751e8b465ee728b)  -> (artifact id: 'd5d7d8c482ce089d20f3b10cd6a58fbe') in 0.029178 seconds 
  Import took 0.044656 seconds .

========================================================================
Received Prepare
Registering precompiled user dll's ...
Registered in 0.007840 seconds.
Begin MonoManager ReloadAssembly
Native extension for WindowsStandalone target not found
Refreshing native plugins compatible for Editor in 1.27 ms, found 2 plugins.
Preloading 0 native plugins for Editor in 0.00 ms.
Mono: successfully reloaded assembly
- Completed reload, in  1.425 seconds
Domain Reload Profiling:
	ReloadAssembly (1426ms)
		BeginReloadAssembly (136ms)
			ExecutionOrderSort (0ms)
			DisableScriptedObjects (6ms)
			BackupInstance (0ms)
			ReleaseScriptingObjects (0ms)
			CreateAndSetChildDomain (42ms)
		EndReloadAssembly (1220ms)
			LoadAssemblies (126ms)
			RebuildTransferFunctionScriptingTraits (0ms)
			SetupTypeCache (397ms)
			ReleaseScriptCaches (2ms)
			RebuildScriptCaches (55ms)
			SetupLoadedEditorAssemblies (438ms)
				LogAssemblyErrors (0ms)
				InitializePlatformSupportModulesInManaged (5ms)
				SetLoadedEditorAssemblies (1ms)
				RefreshPlugins (1ms)
				BeforeProcessingInitializeOnLoad (90ms)
				ProcessInitializeOnLoadAttributes (318ms)
				ProcessInitializeOnLoadMethodAttributes (12ms)
				AfterProcessingInitializeOnLoad (10ms)
				EditorAssembliesLoaded (1ms)
			ExecutionOrderSort2 (0ms)
			AwakeInstancesAfterBackupRestoration (26ms)
Platform modules already initialized, skipping
Refreshing native plugins compatible for Editor in 1.27 ms, found 2 plugins.
Preloading 0 native plugins for Editor in 0.00 ms.
Unloading 3813 Unused Serialized files (Serialized files now loaded: 0)
System memory in use before: 211.0 MB.
System memory in use after: 211.2 MB.

Unloading 18 unused Assets to reduce memory usage. Loaded Objects now: 4525.
Total: 5.309600 ms (FindLiveObjects: 0.448100 ms CreateObjectMapping: 0.271000 ms MarkObjects: 4.439200 ms  DeleteObjects: 0.149600 ms)

AssetImportParameters requested are different than current active one (requested -> active):
  custom:framework-win-MediaFoundation: 216162199b28c13a410421893ffa2e32 -> 
  custom:video-decoder-ogg-theora: a1e56fd34408186e4bbccfd4996cb3dc -> 
  custom:container-muxer-webm: aa71ff27fc2769a1b78a27578f13a17b -> 
  custom:container-demuxer-webm: 4f35f7cbe854078d1ac9338744f61a02 -> 
  custom:container-demuxer-ogg: 62fdf1f143b41e24485cea50d1cbac27 -> 
  custom:video-encoder-webm-vp8: eb34c28f22e8b96e1ab97ce403110664 -> 
  custom:video-decoder-webm-vp8: 9c59270c3fd7afecdb556c50c9e8de78 -> 
  custom:audio-decoder-ogg-vorbis: bf7c407c2cedff20999df2af8eb42d56 -> 
  custom:audio-encoder-webm-vorbis: bf7c407c2cedff20999df2af8eb42d56 -> 
========================================================================
Received Import Request.
  Time since last request: 25.022301 seconds.
  path: Assets/animation/coba@Two Hand Spell Casting.fbx
  artifactKey: Guid(5a2545f4336ce2d4188baae503288681) Importer(815301076,1909f56bfc062723c751e8b465ee728b)
Start importing Assets/animation/coba@Two Hand Spell Casting.fbx using Guid(5a2545f4336ce2d4188baae503288681) Importer(815301076,1909f56bfc062723c751e8b465ee728b)  -> (artifact id: 'b68370c4946671f95a8efd8a38194bfa') in 0.044296 seconds 
  Import took 0.081860 seconds .

========================================================================
Received Prepare
Registering precompiled user dll's ...
Registered in 0.005999 seconds.
Begin MonoManager ReloadAssembly
Native extension for WindowsStandalone target not found
Refreshing native plugins compatible for Editor in 1.19 ms, found 2 plugins.
Preloading 0 native plugins for Editor in 0.00 ms.
Mono: successfully reloaded assembly
- Completed reload, in  1.803 seconds
Domain Reload Profiling:
	ReloadAssembly (1803ms)
		BeginReloadAssembly (167ms)
			ExecutionOrderSort (0ms)
			DisableScriptedObjects (5ms)
			BackupInstance (0ms)
			ReleaseScriptingObjects (0ms)
			CreateAndSetChildDomain (47ms)
		EndReloadAssembly (1557ms)
			LoadAssemblies (129ms)
			RebuildTransferFunctionScriptingTraits (0ms)
			SetupTypeCache (397ms)
			ReleaseScriptCaches (2ms)
			RebuildScriptCaches (56ms)
			SetupLoadedEditorAssemblies (784ms)
				LogAssemblyErrors (0ms)
				InitializePlatformSupportModulesInManaged (6ms)
				SetLoadedEditorAssemblies (1ms)
				RefreshPlugins (1ms)
				BeforeProcessingInitializeOnLoad (138ms)
				ProcessInitializeOnLoadAttributes (596ms)
				ProcessInitializeOnLoadMethodAttributes (16ms)
				AfterProcessingInitializeOnLoad (26ms)
				EditorAssembliesLoaded (0ms)
			ExecutionOrderSort2 (0ms)
			AwakeInstancesAfterBackupRestoration (19ms)
Platform modules already initialized, skipping
Refreshing native plugins compatible for Editor in 1.11 ms, found 2 plugins.
Preloading 0 native plugins for Editor in 0.00 ms.
Unloading 3412 Unused Serialized files (Serialized files now loaded: 0)
System memory in use before: 202.9 MB.
System memory in use after: 203.1 MB.

Unloading 289 unused Assets to reduce memory usage. Loaded Objects now: 4256.
Total: 4.778200 ms (FindLiveObjects: 0.383500 ms CreateObjectMapping: 0.211800 ms MarkObjects: 3.947600 ms  DeleteObjects: 0.234000 ms)

AssetImportParameters requested are different than current active one (requested -> active):
  custom:framework-win-MediaFoundation: 216162199b28c13a410421893ffa2e32 -> 
  custom:video-decoder-ogg-theora: a1e56fd34408186e4bbccfd4996cb3dc -> 
  custom:container-muxer-webm: aa71ff27fc2769a1b78a27578f13a17b -> 
  custom:container-demuxer-webm: 4f35f7cbe854078d1ac9338744f61a02 -> 
  custom:container-demuxer-ogg: 62fdf1f143b41e24485cea50d1cbac27 -> 
  custom:video-encoder-webm-vp8: eb34c28f22e8b96e1ab97ce403110664 -> 
  custom:video-decoder-webm-vp8: 9c59270c3fd7afecdb556c50c9e8de78 -> 
  custom:audio-decoder-ogg-vorbis: bf7c407c2cedff20999df2af8eb42d56 -> 
  custom:audio-encoder-webm-vorbis: bf7c407c2cedff20999df2af8eb42d56 -> 
========================================================================
Received Prepare
Registering precompiled user dll's ...
Registered in 0.016986 seconds.
Begin MonoManager ReloadAssembly
Native extension for WindowsStandalone target not found
Refreshing native plugins compatible for Editor in 1.35 ms, found 2 plugins.
Preloading 0 native plugins for Editor in 0.00 ms.
Mono: successfully reloaded assembly
- Completed reload, in  1.635 seconds
Domain Reload Profiling:
	ReloadAssembly (1636ms)
		BeginReloadAssembly (163ms)
			ExecutionOrderSort (0ms)
			DisableScriptedObjects (8ms)
			BackupInstance (0ms)
			ReleaseScriptingObjects (0ms)
			CreateAndSetChildDomain (46ms)
		EndReloadAssembly (1400ms)
			LoadAssemblies (143ms)
			RebuildTransferFunctionScriptingTraits (0ms)
			SetupTypeCache (433ms)
			ReleaseScriptCaches (3ms)
			RebuildScriptCaches (57ms)
			SetupLoadedEditorAssemblies (569ms)
				LogAssemblyErrors (0ms)
				InitializePlatformSupportModulesInManaged (5ms)
				SetLoadedEditorAssemblies (1ms)
				RefreshPlugins (1ms)
				BeforeProcessingInitializeOnLoad (93ms)
				ProcessInitializeOnLoadAttributes (389ms)
				ProcessInitializeOnLoadMethodAttributes (9ms)
				AfterProcessingInitializeOnLoad (71ms)
				EditorAssembliesLoaded (0ms)
			ExecutionOrderSort2 (0ms)
			AwakeInstancesAfterBackupRestoration (21ms)
Platform modules already initialized, skipping
Refreshing native plugins compatible for Editor in 1.01 ms, found 2 plugins.
Preloading 0 native plugins for Editor in 0.00 ms.
Unloading 3412 Unused Serialized files (Serialized files now loaded: 0)
System memory in use before: 200.6 MB.
System memory in use after: 200.8 MB.

Unloading 18 unused Assets to reduce memory usage. Loaded Objects now: 4258.
Total: 11.328800 ms (FindLiveObjects: 5.154400 ms CreateObjectMapping: 0.471000 ms MarkObjects: 5.519200 ms  DeleteObjects: 0.182500 ms)

AssetImportParameters requested are different than current active one (requested -> active):
  custom:framework-win-MediaFoundation: 216162199b28c13a410421893ffa2e32 -> 
  custom:video-decoder-ogg-theora: a1e56fd34408186e4bbccfd4996cb3dc -> 
  custom:container-muxer-webm: aa71ff27fc2769a1b78a27578f13a17b -> 
  custom:container-demuxer-webm: 4f35f7cbe854078d1ac9338744f61a02 -> 
  custom:container-demuxer-ogg: 62fdf1f143b41e24485cea50d1cbac27 -> 
  custom:video-encoder-webm-vp8: eb34c28f22e8b96e1ab97ce403110664 -> 
  custom:video-decoder-webm-vp8: 9c59270c3fd7afecdb556c50c9e8de78 -> 
  custom:audio-decoder-ogg-vorbis: bf7c407c2cedff20999df2af8eb42d56 -> 
  custom:audio-encoder-webm-vorbis: bf7c407c2cedff20999df2af8eb42d56 -> 
========================================================================
Received Prepare
Registering precompiled user dll's ...
Registered in 0.054136 seconds.
Begin MonoManager ReloadAssembly
Native extension for WindowsStandalone target not found
Refreshing native plugins compatible for Editor in 3.52 ms, found 3 plugins.
Preloading 0 native plugins for Editor in 0.00 ms.
[ScriptCompilation] NOT recompiling all scripts because this is an import worker process. Reason to compile was: Define symbols changed
Mono: successfully reloaded assembly
- Completed reload, in  5.936 seconds
Domain Reload Profiling:
	ReloadAssembly (5976ms)
		BeginReloadAssembly (1576ms)
			ExecutionOrderSort (0ms)
			DisableScriptedObjects (49ms)
			BackupInstance (0ms)
			ReleaseScriptingObjects (0ms)
			CreateAndSetChildDomain (879ms)
		EndReloadAssembly (4145ms)
			LoadAssemblies (693ms)
			RebuildTransferFunctionScriptingTraits (0ms)
			SetupTypeCache (1212ms)
			ReleaseScriptCaches (53ms)
			RebuildScriptCaches (146ms)
			SetupLoadedEditorAssemblies (1359ms)
				LogAssemblyErrors (0ms)
				InitializePlatformSupportModulesInManaged (30ms)
				SetLoadedEditorAssemblies (3ms)
				RefreshPlugins (4ms)
				BeforeProcessingInitializeOnLoad (201ms)
				ProcessInitializeOnLoadAttributes (1092ms)
				ProcessInitializeOnLoadMethodAttributes (19ms)
				AfterProcessingInitializeOnLoad (10ms)
				EditorAssembliesLoaded (1ms)
			ExecutionOrderSort2 (0ms)
			AwakeInstancesAfterBackupRestoration (52ms)
Platform modules already initialized, skipping
Refreshing native plugins compatible for Editor in 2.38 ms, found 3 plugins.
Preloading 0 native plugins for Editor in 0.00 ms.
Unloading 3853 Unused Serialized files (Serialized files now loaded: 0)
System memory in use before: 214.9 MB.
System memory in use after: 213.6 MB.

Unloading 46 unused Assets to reduce memory usage. Loaded Objects now: 4673.
Total: 19.756700 ms (FindLiveObjects: 0.929000 ms CreateObjectMapping: 0.426200 ms MarkObjects: 7.558900 ms  DeleteObjects: 10.839700 ms)

AssetImportParameters requested are different than current active one (requested -> active):
  custom:framework-win-MediaFoundation: 216162199b28c13a410421893ffa2e32 -> 
  custom:video-decoder-ogg-theora: a1e56fd34408186e4bbccfd4996cb3dc -> 
  custom:container-muxer-webm: aa71ff27fc2769a1b78a27578f13a17b -> 
  custom:container-demuxer-webm: 4f35f7cbe854078d1ac9338744f61a02 -> 
  custom:container-demuxer-ogg: 62fdf1f143b41e24485cea50d1cbac27 -> 
  custom:video-encoder-webm-vp8: eb34c28f22e8b96e1ab97ce403110664 -> 
  custom:video-decoder-webm-vp8: 9c59270c3fd7afecdb556c50c9e8de78 -> 
  custom:audio-decoder-ogg-vorbis: bf7c407c2cedff20999df2af8eb42d56 -> 
  custom:audio-encoder-webm-vorbis: bf7c407c2cedff20999df2af8eb42d56 -> 
========================================================================
Received Import Request.
  Time since last request: 2350.493838 seconds.
  path: Assets/Obi/Samples/Common
  artifactKey: Guid(db16dd818bde540c6a87fa0d2863c26a) Importer(815301076,1909f56bfc062723c751e8b465ee728b)
Start importing Assets/Obi/Samples/Common using Guid(db16dd818bde540c6a87fa0d2863c26a) Importer(815301076,1909f56bfc062723c751e8b465ee728b)  -> (artifact id: '9269074c10ddebbd909b238d6b043386') in 0.089715 seconds 
  Import took 0.135640 seconds .

========================================================================
Received Import Request.
  Time since last request: 0.256279 seconds.
  path: Assets/Obi/Samples/Cloth
  artifactKey: Guid(4a8efb4b316764d3794b77a8d6b7d46b) Importer(815301076,1909f56bfc062723c751e8b465ee728b)
Start importing Assets/Obi/Samples/Cloth using Guid(4a8efb4b316764d3794b77a8d6b7d46b) Importer(815301076,1909f56bfc062723c751e8b465ee728b)  -> (artifact id: '9d8488990b2c9b1a37525a4c01f57bef') in 0.020959 seconds 
  Import took 0.097885 seconds .

========================================================================
Received Import Request.
  Time since last request: 1.784407 seconds.
  path: Assets/Obi/Samples/Cloth/Benchmark.unity
  artifactKey: Guid(5b18b0de28cab4cdd94e0539a741c105) Importer(815301076,1909f56bfc062723c751e8b465ee728b)
Start importing Assets/Obi/Samples/Cloth/Benchmark.unity using Guid(5b18b0de28cab4cdd94e0539a741c105) Importer(815301076,1909f56bfc062723c751e8b465ee728b)  -> (artifact id: '81d663cac616eab2731a458b72fabf70') in 0.062157 seconds 
  Import took 0.129890 seconds .

========================================================================
Received Import Request.
  Time since last request: 1.278632 seconds.
  path: Assets/Obi/Samples/Cloth/CharacterCloth.unity
  artifactKey: Guid(e0edba220a96b4080af3a6b50627f4f5) Importer(815301076,1909f56bfc062723c751e8b465ee728b)
Start importing Assets/Obi/Samples/Cloth/CharacterCloth.unity using Guid(e0edba220a96b4080af3a6b50627f4f5) Importer(815301076,1909f56bfc062723c751e8b465ee728b)  -> (artifact id: '8abb3c2d88406289e9200a9ec1aa9bbc') in 0.019931 seconds 
  Import took 0.081207 seconds .

========================================================================
Received Import Request.
  Time since last request: 102.250243 seconds.
  path: Assets/Obi/Samples/Cloth/SampleResources/Skinmaps/Trenchcoat.asset
  artifactKey: Guid(abadf0afae8fb47b498b1d932ba8e78f) Importer(815301076,1909f56bfc062723c751e8b465ee728b)
Start importing Assets/Obi/Samples/Cloth/SampleResources/Skinmaps/Trenchcoat.asset using Guid(abadf0afae8fb47b498b1d932ba8e78f) Importer(815301076,1909f56bfc062723c751e8b465ee728b)  -> (artifact id: '18a7bcb46ec74dc697b4f8311fe8abba') in 0.834937 seconds 
  Import took 0.874276 seconds .

========================================================================
Received Import Request.
  Time since last request: 10.563857 seconds.
  path: Assets/Obi/Samples/Cloth/SampleResources/Blueprints/Balloon.asset
  artifactKey: Guid(9b4d1cf48b8dc4124a4187e8a259b29e) Importer(815301076,1909f56bfc062723c751e8b465ee728b)
Start importing Assets/Obi/Samples/Cloth/SampleResources/Blueprints/Balloon.asset using Guid(9b4d1cf48b8dc4124a4187e8a259b29e) Importer(815301076,1909f56bfc062723c751e8b465ee728b)  -> (artifact id: 'c11e6b851965f1fd37c9fb343d82ef43') in 0.559051 seconds 
  Import took 0.720874 seconds .

========================================================================
Received Import Request.
  Time since last request: 0.008112 seconds.
  path: Assets/Obi/Samples/Cloth/SampleResources/Blueprints/Sail.asset
  artifactKey: Guid(38d048f1bc4104c76bacec0333738ecf) Importer(815301076,1909f56bfc062723c751e8b465ee728b)
Start importing Assets/Obi/Samples/Cloth/SampleResources/Blueprints/Sail.asset using Guid(38d048f1bc4104c76bacec0333738ecf) Importer(815301076,1909f56bfc062723c751e8b465ee728b)  -> (artifact id: '5fc1aeefba96a84b4de3757d5a5c866e') in 1.051947 seconds 
  Import took 1.275347 seconds .

========================================================================
Received Import Request.
  Time since last request: 0.037480 seconds.
  path: Assets/Obi/Samples/Cloth/SampleResources/Blueprints/Trampoline.asset
  artifactKey: Guid(019b89381af8444f1aefdf6d69050100) Importer(815301076,1909f56bfc062723c751e8b465ee728b)
Start importing Assets/Obi/Samples/Cloth/SampleResources/Blueprints/Trampoline.asset using Guid(019b89381af8444f1aefdf6d69050100) Importer(815301076,1909f56bfc062723c751e8b465ee728b)  -> (artifact id: '95aaca379a87f612213b20a63725a0a3') in 0.343888 seconds 
  Import took 0.503892 seconds .

========================================================================
Received Import Request.
  Time since last request: 0.002109 seconds.
  path: Assets/Obi/Samples/Cloth/SampleResources/Blueprints/Trenchcoat.asset
  artifactKey: Guid(5ef322c4f93044d919c75407669512d2) Importer(815301076,1909f56bfc062723c751e8b465ee728b)
Start importing Assets/Obi/Samples/Cloth/SampleResources/Blueprints/Trenchcoat.asset using Guid(5ef322c4f93044d919c75407669512d2) Importer(815301076,1909f56bfc062723c751e8b465ee728b)  -> (artifact id: 'b5bf9f11d25419e832e4ec58b1b4f270') in 1.413281 seconds 
  Import took 1.546317 seconds .

========================================================================
Received Import Request.
  Time since last request: 0.000267 seconds.
  path: Assets/Obi/Samples/Cloth/SampleResources/Blueprints/Goal net.asset
  artifactKey: Guid(f40c1f8f966494749aa96d0c92d9d953) Importer(815301076,1909f56bfc062723c751e8b465ee728b)
Start importing Assets/Obi/Samples/Cloth/SampleResources/Blueprints/Goal net.asset using Guid(f40c1f8f966494749aa96d0c92d9d953) Importer(815301076,1909f56bfc062723c751e8b465ee728b)  -> (artifact id: 'd0f68da049c833247e0d67f2ead2fc82') in 0.063735 seconds 
  Import took 0.141538 seconds .

========================================================================
Received Import Request.
  Time since last request: 0.005366 seconds.
  path: Assets/Obi/Samples/Cloth/SampleResources/Blueprints/Cloth sheet.asset
  artifactKey: Guid(83efefad6f0844671bef34958537796b) Importer(815301076,1909f56bfc062723c751e8b465ee728b)
Start importing Assets/Obi/Samples/Cloth/SampleResources/Blueprints/Cloth sheet.asset using Guid(83efefad6f0844671bef34958537796b) Importer(815301076,1909f56bfc062723c751e8b465ee728b)  -> (artifact id: 'aaed069bda87362bb066fd1562759114') in 0.050061 seconds 
  Import took 0.110280 seconds .

========================================================================
Received Import Request.
  Time since last request: 0.000278 seconds.
  path: Assets/Obi/Samples/Cloth/SampleResources/Blueprints/Tearable cloth sheet.asset
  artifactKey: Guid(71ee0aab0d81c437ab6c9306fd33d914) Importer(815301076,1909f56bfc062723c751e8b465ee728b)
Start importing Assets/Obi/Samples/Cloth/SampleResources/Blueprints/Tearable cloth sheet.asset using Guid(71ee0aab0d81c437ab6c9306fd33d914) Importer(815301076,1909f56bfc062723c751e8b465ee728b)  -> (artifact id: '077e99aff7fba0a1afd9bec4076c8b0c') in 0.125587 seconds 
  Import took 0.192364 seconds .

========================================================================
Received Import Request.
  Time since last request: 0.000565 seconds.
  path: Assets/Obi/Samples/Cloth/SampleResources/Blueprints/Cloth sheet HD.asset
  artifactKey: Guid(346c13a6722b24af79f2ac084502e4db) Importer(815301076,1909f56bfc062723c751e8b465ee728b)
Start importing Assets/Obi/Samples/Cloth/SampleResources/Blueprints/Cloth sheet HD.asset using Guid(346c13a6722b24af79f2ac084502e4db) Importer(815301076,1909f56bfc062723c751e8b465ee728b)  -> (artifact id: '69fb6e62d21ecb67b2827100d5fa9541') in 0.107071 seconds 
  Import took 0.174411 seconds .

========================================================================
Received Import Request.
  Time since last request: 0.000267 seconds.
  path: Assets/Obi/Samples/Cloth/SampleResources/Blueprints/Parachute.asset
  artifactKey: Guid(713a845468d5d4056aaa834719a920c9) Importer(815301076,1909f56bfc062723c751e8b465ee728b)
Start importing Assets/Obi/Samples/Cloth/SampleResources/Blueprints/Parachute.asset using Guid(713a845468d5d4056aaa834719a920c9) Importer(815301076,1909f56bfc062723c751e8b465ee728b)  -> (artifact id: '0ac7401ef2376c4c8f4147a02c9e9380') in 0.112534 seconds 
  Import took 0.238204 seconds .

========================================================================
Received Import Request.
  Time since last request: 5.547382 seconds.
  path: Assets/Obi/Samples/Cloth/SampleResources/Models/Ball.fbx
  artifactKey: Guid(37d82da0e646e40f1966f6668cc64891) Importer(815301076,1909f56bfc062723c751e8b465ee728b)
Start importing Assets/Obi/Samples/Cloth/SampleResources/Models/Ball.fbx using Guid(37d82da0e646e40f1966f6668cc64891) Importer(815301076,1909f56bfc062723c751e8b465ee728b)  -> (artifact id: 'df2511bbabad3c1dd39ed840459e07b7') in 0.990707 seconds 
  Import took 1.015546 seconds .

========================================================================
Received Import Request.
  Time since last request: 0.002507 seconds.
  path: Assets/Obi/Samples/Cloth/SampleResources/Prefabs/WaterExplosion.prefab
  artifactKey: Guid(cec1481a99cac4301a05e21c0c5103c4) Importer(815301076,1909f56bfc062723c751e8b465ee728b)
Start importing Assets/Obi/Samples/Cloth/SampleResources/Prefabs/WaterExplosion.prefab using Guid(cec1481a99cac4301a05e21c0c5103c4) Importer(815301076,1909f56bfc062723c751e8b465ee728b)  -> (artifact id: '3d27dd52ef0ee9e3b8f3ff4f85738689') in 0.390761 seconds 
  Import took 0.451481 seconds .

========================================================================
Received Import Request.
  Time since last request: 0.001396 seconds.
  path: Assets/Obi/Samples/Cloth/SampleResources/Models/Sail.fbx
  artifactKey: Guid(f3e229bc39a1c4b09b1973451d6b8812) Importer(815301076,1909f56bfc062723c751e8b465ee728b)
Start importing Assets/Obi/Samples/Cloth/SampleResources/Models/Sail.fbx using Guid(f3e229bc39a1c4b09b1973451d6b8812) Importer(815301076,1909f56bfc062723c751e8b465ee728b)  -> (artifact id: '550792a56810c5cbce80dfb548dc59ea') in 0.062210 seconds 
  Import took 0.130558 seconds .

========================================================================
Received Import Request.
  Time since last request: 0.000236 seconds.
  path: Assets/Obi/Samples/Cloth/SampleResources/Models/ClothSheetVHD.fbx
  artifactKey: Guid(506ac893eee854e82bd58d18e3eb4036) Importer(815301076,1909f56bfc062723c751e8b465ee728b)
Start importing Assets/Obi/Samples/Cloth/SampleResources/Models/ClothSheetVHD.fbx using Guid(506ac893eee854e82bd58d18e3eb4036) Importer(815301076,1909f56bfc062723c751e8b465ee728b)  -> (artifact id: 'e3a98e7838b6b5949799803c296e29f5') in 0.128581 seconds 
  Import took 0.172382 seconds .

========================================================================
Received Import Request.
  Time since last request: 0.000241 seconds.
  path: Assets/Obi/Samples/Cloth/SampleResources/Prefabs/Mine.prefab
  artifactKey: Guid(e6bf0b7b1479243a68fb5ea61dcd3f5b) Importer(815301076,1909f56bfc062723c751e8b465ee728b)
Start importing Assets/Obi/Samples/Cloth/SampleResources/Prefabs/Mine.prefab using Guid(e6bf0b7b1479243a68fb5ea61dcd3f5b) Importer(815301076,1909f56bfc062723c751e8b465ee728b)  -> (artifact id: 'a16916ac4ba4ff794f916b6851321ec1') in 1.215915 seconds 
  Import took 1.280347 seconds .

========================================================================
Received Import Request.
  Time since last request: 0.000281 seconds.
  path: Assets/Obi/Samples/Cloth/SampleResources/Models/Parachute.fbx
  artifactKey: Guid(8dd61c3fd36b149239674d6c5acea50f) Importer(815301076,1909f56bfc062723c751e8b465ee728b)
Start importing Assets/Obi/Samples/Cloth/SampleResources/Models/Parachute.fbx using Guid(8dd61c3fd36b149239674d6c5acea50f) Importer(815301076,1909f56bfc062723c751e8b465ee728b)  -> (artifact id: '791c9427f5b55a3fedbe718c0beec20f') in 0.061602 seconds 
  Import took 0.124445 seconds .

========================================================================
Received Import Request.
  Time since last request: 0.000596 seconds.
  path: Assets/Obi/Samples/Cloth/SampleResources/Prefabs/Minefield.prefab
  artifactKey: Guid(83bdf611e56494bf9b4f903293a2336a) Importer(815301076,1909f56bfc062723c751e8b465ee728b)
Start importing Assets/Obi/Samples/Cloth/SampleResources/Prefabs/Minefield.prefab using Guid(83bdf611e56494bf9b4f903293a2336a) Importer(815301076,1909f56bfc062723c751e8b465ee728b)  -> (artifact id: 'f649c5e7e0c9323cec324a634c0a95b7') in 0.066407 seconds 
  Import took 0.140795 seconds .

========================================================================
Received Import Request.
  Time since last request: 0.000513 seconds.
  path: Assets/Obi/Samples/Cloth/SampleResources/Prefabs/CannonBall.prefab
  artifactKey: Guid(40d068b5d743343e8bf8b7290f10a03f) Importer(815301076,1909f56bfc062723c751e8b465ee728b)
Start importing Assets/Obi/Samples/Cloth/SampleResources/Prefabs/CannonBall.prefab using Guid(40d068b5d743343e8bf8b7290f10a03f) Importer(815301076,1909f56bfc062723c751e8b465ee728b)  -> (artifact id: 'beeebfa7dec7e1b04688aa1448689e3d') in 0.135571 seconds 
  Import took 0.214138 seconds .

========================================================================
Received Import Request.
  Time since last request: 0.000618 seconds.
  path: Assets/Obi/Samples/Cloth/SampleResources/Models/Fan.fbx
  artifactKey: Guid(89e24673c05344d179c516868eb341b8) Importer(815301076,1909f56bfc062723c751e8b465ee728b)
Start importing Assets/Obi/Samples/Cloth/SampleResources/Models/Fan.fbx using Guid(89e24673c05344d179c516868eb341b8) Importer(815301076,1909f56bfc062723c751e8b465ee728b)  -> (artifact id: '01e26eb7f0ac6f180941f87f20813d30') in 0.314485 seconds 
  Import took 0.387161 seconds .

========================================================================
Received Import Request.
  Time since last request: 0.000514 seconds.
  path: Assets/Obi/Samples/Cloth/SampleResources/Models/ClothSheet.fbx
  artifactKey: Guid(a59c42320188c4432b095000f813a44f) Importer(815301076,1909f56bfc062723c751e8b465ee728b)
Start importing Assets/Obi/Samples/Cloth/SampleResources/Models/ClothSheet.fbx using Guid(a59c42320188c4432b095000f813a44f) Importer(815301076,1909f56bfc062723c751e8b465ee728b)  -> (artifact id: 'd12dc18f82425857663fcce706574eff') in 0.082837 seconds 
  Import took 0.154095 seconds .

========================================================================
Received Import Request.
  Time since last request: 0.000563 seconds.
  path: Assets/Obi/Samples/Cloth/SampleResources/Prefabs/Cannon.prefab
  artifactKey: Guid(8675adfa5c95d49c5ab109efba3af14e) Importer(815301076,1909f56bfc062723c751e8b465ee728b)
Start importing Assets/Obi/Samples/Cloth/SampleResources/Prefabs/Cannon.prefab using Guid(8675adfa5c95d49c5ab109efba3af14e) Importer(815301076,1909f56bfc062723c751e8b465ee728b)  -> (artifact id: '0d8401faa63fb65dff8c1541dbaf0519') in 0.081786 seconds 
  Import took 0.121137 seconds .

========================================================================
Received Import Request.
  Time since last request: 0.000383 seconds.
  path: Assets/Obi/Samples/Cloth/SampleResources/Models/Goal.fbx
  artifactKey: Guid(5e647ee5024e84576a345a187c6efb71) Importer(815301076,1909f56bfc062723c751e8b465ee728b)
Start importing Assets/Obi/Samples/Cloth/SampleResources/Models/Goal.fbx using Guid(5e647ee5024e84576a345a187c6efb71) Importer(815301076,1909f56bfc062723c751e8b465ee728b)  -> (artifact id: '90ad407b628b421be3cdbba82b3b4a02') in 0.208562 seconds 
  Import took 0.279187 seconds .

========================================================================
Received Import Request.
  Time since last request: 0.000278 seconds.
  path: Assets/Obi/Samples/Cloth/SampleResources/Models/TriangulatedCircle.fbx
  artifactKey: Guid(330cc8ba4049d48f09010c99ce1f44de) Importer(815301076,1909f56bfc062723c751e8b465ee728b)
Start importing Assets/Obi/Samples/Cloth/SampleResources/Models/TriangulatedCircle.fbx using Guid(330cc8ba4049d48f09010c99ce1f44de) Importer(815301076,1909f56bfc062723c751e8b465ee728b)  -> (artifact id: '2f29b49fdd7de574fab248ffc735d0de') in 0.069567 seconds 
  Import took 0.137799 seconds .

========================================================================
Received Import Request.
  Time since last request: 0.000314 seconds.
  path: Assets/Obi/Samples/Cloth/SampleResources/Models/Ribbon_HD.fbx
  artifactKey: Guid(b36fa9170535f4787a8816d0cfa9904a) Importer(815301076,1909f56bfc062723c751e8b465ee728b)
Start importing Assets/Obi/Samples/Cloth/SampleResources/Models/Ribbon_HD.fbx using Guid(b36fa9170535f4787a8816d0cfa9904a) Importer(815301076,1909f56bfc062723c751e8b465ee728b)  -> (artifact id: '391b257001340a1ff3cb9fdf517504f5') in 0.110540 seconds 
  Import took 0.166007 seconds .

========================================================================
Received Import Request.
  Time since last request: 0.000255 seconds.
  path: Assets/Obi/Samples/Cloth/SampleResources/Prefabs/Ball.prefab
  artifactKey: Guid(33731cfde2fbd4d27a61dc5e7e0f9111) Importer(815301076,1909f56bfc062723c751e8b465ee728b)
Start importing Assets/Obi/Samples/Cloth/SampleResources/Prefabs/Ball.prefab using Guid(33731cfde2fbd4d27a61dc5e7e0f9111) Importer(815301076,1909f56bfc062723c751e8b465ee728b)  -> (artifact id: 'd473e3aad60b367a2d5d082bf181fe2b') in 1.267597 seconds 
  Import took 1.330269 seconds .

========================================================================
Received Import Request.
  Time since last request: 0.000281 seconds.
  path: Assets/Obi/Samples/Cloth/SampleResources/Models/Ribbon.fbx
  artifactKey: Guid(3bbb77aa1738f4f3987ad50362c425d2) Importer(815301076,1909f56bfc062723c751e8b465ee728b)
Start importing Assets/Obi/Samples/Cloth/SampleResources/Models/Ribbon.fbx using Guid(3bbb77aa1738f4f3987ad50362c425d2) Importer(815301076,1909f56bfc062723c751e8b465ee728b)  -> (artifact id: '736f53387dfac30c8007bd4114c9d9d7') in 0.190791 seconds 
  Import took 0.246970 seconds .

========================================================================
Received Import Request.
  Time since last request: 27.713998 seconds.
  path: Assets/Obi/Samples/Cloth/SampleResources/Textures/ball_AO.psd
  artifactKey: Guid(785f597833b5042e38c729c3473dc8eb) Importer(815301076,1909f56bfc062723c751e8b465ee728b)
Start importing Assets/Obi/Samples/Cloth/SampleResources/Textures/ball_AO.psd using Guid(785f597833b5042e38c729c3473dc8eb) Importer(815301076,1909f56bfc062723c751e8b465ee728b)  -> (artifact id: 'eb55c095f7bf8e3eae2cd5e252ba3300') in 0.079276 seconds 
  Import took 0.098477 seconds .

========================================================================
Received Import Request.
  Time since last request: 0.000484 seconds.
  path: Assets/Obi/Samples/Cloth/SampleResources/Textures/GoalNet_DIF.psd
  artifactKey: Guid(6f968cb827bf64a2fb5382b4f4f0d394) Importer(815301076,1909f56bfc062723c751e8b465ee728b)
Start importing Assets/Obi/Samples/Cloth/SampleResources/Textures/GoalNet_DIF.psd using Guid(6f968cb827bf64a2fb5382b4f4f0d394) Importer(815301076,1909f56bfc062723c751e8b465ee728b)  -> (artifact id: '13218307fa8b547dfb7b6be42318dc53') in 0.062387 seconds 
  Import took 0.111222 seconds .

========================================================================
Received Import Request.
  Time since last request: 0.000473 seconds.
  path: Assets/Obi/Samples/Cloth/SampleResources/Textures/trenchcoat_DIF.psd
  artifactKey: Guid(183334adf07a242c4a3c4d33bdce0e0d) Importer(815301076,1909f56bfc062723c751e8b465ee728b)
Start importing Assets/Obi/Samples/Cloth/SampleResources/Textures/trenchcoat_DIF.psd using Guid(183334adf07a242c4a3c4d33bdce0e0d) Importer(815301076,1909f56bfc062723c751e8b465ee728b)  -> (artifact id: 'c33c486c88ea4ad8b598f9c2f9fe4298') in 0.084754 seconds 
  Import took 0.148135 seconds .

========================================================================
Received Import Request.
  Time since last request: 0.000464 seconds.
  path: Assets/Obi/Samples/Cloth/SampleResources/Textures/trenchcoat_NRM.png
  artifactKey: Guid(b7eb5745407644c2c88997a0debad20c) Importer(815301076,1909f56bfc062723c751e8b465ee728b)
Start importing Assets/Obi/Samples/Cloth/SampleResources/Textures/trenchcoat_NRM.png using Guid(b7eb5745407644c2c88997a0debad20c) Importer(815301076,1909f56bfc062723c751e8b465ee728b)  -> (artifact id: '33105be81b6478cda6269e628b401577') in 1.214542 seconds 
  Import took 1.280900 seconds .

========================================================================
Received Import Request.
  Time since last request: 0.019519 seconds.
  path: Assets/Obi/Samples/Cloth/SampleResources/Textures/trenchcoat_AO.png
  artifactKey: Guid(d45c6fde9dace43a897979b1557b8f98) Importer(815301076,1909f56bfc062723c751e8b465ee728b)
Start importing Assets/Obi/Samples/Cloth/SampleResources/Textures/trenchcoat_AO.png using Guid(d45c6fde9dace43a897979b1557b8f98) Importer(815301076,1909f56bfc062723c751e8b465ee728b)  -> (artifact id: '0ab8d6888bb66381f6388c9fac7c7cd7') in 0.052615 seconds 
  Import took 0.080842 seconds .

========================================================================
Received Import Request.
  Time since last request: 0.000250 seconds.
  path: Assets/Obi/Samples/Cloth/SampleResources/Textures/Man_AO.png
  artifactKey: Guid(b2af11decf73346cdb3ee600a80d9063) Importer(815301076,1909f56bfc062723c751e8b465ee728b)
Start importing Assets/Obi/Samples/Cloth/SampleResources/Textures/Man_AO.png using Guid(b2af11decf73346cdb3ee600a80d9063) Importer(815301076,1909f56bfc062723c751e8b465ee728b)  -> (artifact id: '0192bb57f98ffefdc7d55bdd40f871f0') in 0.061349 seconds 
  Import took 0.126204 seconds .

========================================================================
Received Import Request.
  Time since last request: 0.000607 seconds.
  path: Assets/Obi/Samples/Cloth/SampleResources/Textures/ball_NRM.png
  artifactKey: Guid(964ded80882f74a0f817ee41b802a8d0) Importer(815301076,1909f56bfc062723c751e8b465ee728b)
Start importing Assets/Obi/Samples/Cloth/SampleResources/Textures/ball_NRM.png using Guid(964ded80882f74a0f817ee41b802a8d0) Importer(815301076,1909f56bfc062723c751e8b465ee728b)  -> (artifact id: 'f06558634e677d7aacbca4c1520c4fc4') in 0.044825 seconds 
  Import took 0.100070 seconds .

========================================================================
Received Import Request.
  Time since last request: 0.001459 seconds.
  path: Assets/Obi/Samples/Cloth/SampleResources/Textures/ball_SM.psd
  artifactKey: Guid(9283ae62149a240a7912cff309df0e71) Importer(815301076,1909f56bfc062723c751e8b465ee728b)
Start importing Assets/Obi/Samples/Cloth/SampleResources/Textures/ball_SM.psd using Guid(9283ae62149a240a7912cff309df0e71) Importer(815301076,1909f56bfc062723c751e8b465ee728b)  -> (artifact id: '1c687fc77545f17b51f37616d8b16cb7') in 0.035975 seconds 
  Import took 0.093772 seconds .

========================================================================
Received Import Request.
  Time since last request: 0.000240 seconds.
  path: Assets/Obi/Samples/Cloth/SampleResources/Textures/ball_DIF.psd
  artifactKey: Guid(fc3c38695498445dfb085ccf88d5a28f) Importer(815301076,1909f56bfc062723c751e8b465ee728b)
Start importing Assets/Obi/Samples/Cloth/SampleResources/Textures/ball_DIF.psd using Guid(fc3c38695498445dfb085ccf88d5a28f) Importer(815301076,1909f56bfc062723c751e8b465ee728b)  -> (artifact id: '7af7dc3b259e1778383a75286ece7248') in 0.061444 seconds 
  Import took 0.108947 seconds .

========================================================================
Received Prepare
Registering precompiled user dll's ...
Registered in 0.032828 seconds.
Begin MonoManager ReloadAssembly
Native extension for WindowsStandalone target not found
Refreshing native plugins compatible for Editor in 4.13 ms, found 3 plugins.
Preloading 0 native plugins for Editor in 0.00 ms.
Mono: successfully reloaded assembly
- Completed reload, in  3.058 seconds
Domain Reload Profiling:
	ReloadAssembly (3058ms)
		BeginReloadAssembly (276ms)
			ExecutionOrderSort (0ms)
			DisableScriptedObjects (12ms)
			BackupInstance (0ms)
			ReleaseScriptingObjects (0ms)
			CreateAndSetChildDomain (93ms)
		EndReloadAssembly (2626ms)
			LoadAssemblies (297ms)
			RebuildTransferFunctionScriptingTraits (0ms)
			SetupTypeCache (819ms)
			ReleaseScriptCaches (2ms)
			RebuildScriptCaches (108ms)
			SetupLoadedEditorAssemblies (1075ms)
				LogAssemblyErrors (0ms)
				InitializePlatformSupportModulesInManaged (5ms)
				SetLoadedEditorAssemblies (1ms)
				RefreshPlugins (4ms)
				BeforeProcessingInitializeOnLoad (153ms)
				ProcessInitializeOnLoadAttributes (829ms)
				ProcessInitializeOnLoadMethodAttributes (18ms)
				AfterProcessingInitializeOnLoad (45ms)
				EditorAssembliesLoaded (21ms)
			ExecutionOrderSort2 (0ms)
			AwakeInstancesAfterBackupRestoration (83ms)
Platform modules already initialized, skipping
Refreshing native plugins compatible for Editor in 1.52 ms, found 3 plugins.
Preloading 0 native plugins for Editor in 0.00 ms.
Unloading 3853 Unused Serialized files (Serialized files now loaded: 0)
System memory in use before: 215.5 MB.
System memory in use after: 214.2 MB.

Unloading 49 unused Assets to reduce memory usage. Loaded Objects now: 4719.
Total: 15.464600 ms (FindLiveObjects: 1.067300 ms CreateObjectMapping: 1.619400 ms MarkObjects: 11.201700 ms  DeleteObjects: 1.568300 ms)

AssetImportParameters requested are different than current active one (requested -> active):
  custom:framework-win-MediaFoundation: 216162199b28c13a410421893ffa2e32 -> 
  custom:video-decoder-ogg-theora: a1e56fd34408186e4bbccfd4996cb3dc -> 
  custom:container-muxer-webm: aa71ff27fc2769a1b78a27578f13a17b -> 
  custom:container-demuxer-webm: 4f35f7cbe854078d1ac9338744f61a02 -> 
  custom:container-demuxer-ogg: 62fdf1f143b41e24485cea50d1cbac27 -> 
  custom:video-encoder-webm-vp8: eb34c28f22e8b96e1ab97ce403110664 -> 
  custom:video-decoder-webm-vp8: 9c59270c3fd7afecdb556c50c9e8de78 -> 
  custom:audio-decoder-ogg-vorbis: bf7c407c2cedff20999df2af8eb42d56 -> 
  custom:audio-encoder-webm-vorbis: bf7c407c2cedff20999df2af8eb42d56 -> 
========================================================================
Received Import Request.
  Time since last request: 31.890214 seconds.
  path: Assets/prefabs/mesopotamia/manusia/character with cloth.fbx
  artifactKey: Guid(44f4b582b0db64a4cbd8920e1761fa9a) Importer(815301076,1909f56bfc062723c751e8b465ee728b)
Start importing Assets/prefabs/mesopotamia/manusia/character with cloth.fbx using Guid(44f4b582b0db64a4cbd8920e1761fa9a) Importer(815301076,1909f56bfc062723c751e8b465ee728b)  -> (artifact id: '337dfa0ac83ea295d05fdb2dce685135') in 8.067286 seconds 
  Import took 8.085769 seconds .

========================================================================
Received Import Request.
  Time since last request: 170.547481 seconds.
  path: Assets/prefabs/mesopotamia/manusia/character with cloth.fbx
  artifactKey: Guid(44f4b582b0db64a4cbd8920e1761fa9a) Importer(815301076,1909f56bfc062723c751e8b465ee728b)
Start importing Assets/prefabs/mesopotamia/manusia/character with cloth.fbx using Guid(44f4b582b0db64a4cbd8920e1761fa9a) Importer(815301076,1909f56bfc062723c751e8b465ee728b)  -> (artifact id: '2c11e508cb3ad7f0298e047ecd768a46') in 0.196767 seconds 
  Import took 0.341670 seconds .

========================================================================
Received Import Request.
  Time since last request: 0.931580 seconds.
  path: Assets/prefabs/mesopotamia/manusia/materials
  artifactKey: Guid(4b4fddf87f4ce4d40976a4a6e38d2415) Importer(815301076,1909f56bfc062723c751e8b465ee728b)
Start importing Assets/prefabs/mesopotamia/manusia/materials using Guid(4b4fddf87f4ce4d40976a4a6e38d2415) Importer(815301076,1909f56bfc062723c751e8b465ee728b)  -> (artifact id: '46550d7ee7b2826f3fa1e0cad5e89be0') in 0.014311 seconds 
  Import took 0.089489 seconds .

========================================================================
Received Import Request.
  Time since last request: 0.083845 seconds.
  path: Assets/prefabs/mesopotamia/manusia/materials/FABRIC_1_FRONT_1309.001.mat
  artifactKey: Guid(6a583dcd7940b3b4da47fbb6c47d601f) Importer(815301076,1909f56bfc062723c751e8b465ee728b)
Start importing Assets/prefabs/mesopotamia/manusia/materials/FABRIC_1_FRONT_1309.001.mat using Guid(6a583dcd7940b3b4da47fbb6c47d601f) Importer(815301076,1909f56bfc062723c751e8b465ee728b)  -> (artifact id: '8e1176ef19092887e536b7b97f5751ef') in 0.093652 seconds 
  Import took 0.111296 seconds .

========================================================================
Received Import Request.
  Time since last request: 0.032270 seconds.
  path: Assets/prefabs/mesopotamia/manusia/materials/MBLab_skin2.mat
  artifactKey: Guid(595606ddf03aa914a8ffcef9626b863a) Importer(815301076,1909f56bfc062723c751e8b465ee728b)
Start importing Assets/prefabs/mesopotamia/manusia/materials/MBLab_skin2.mat using Guid(595606ddf03aa914a8ffcef9626b863a) Importer(815301076,1909f56bfc062723c751e8b465ee728b)  -> (artifact id: 'f1e6e3dc1e2eb14a7a54c2f58b3980a6') in 0.055399 seconds 
  Import took 0.094844 seconds .

========================================================================
Received Import Request.
  Time since last request: 0.003020 seconds.
  path: Assets/prefabs/mesopotamia/manusia/materials/MBlab_human_teeth.mat
  artifactKey: Guid(1463312bc161b7c4a90fd364a0c4e250) Importer(815301076,1909f56bfc062723c751e8b465ee728b)
Start importing Assets/prefabs/mesopotamia/manusia/materials/MBlab_human_teeth.mat using Guid(1463312bc161b7c4a90fd364a0c4e250) Importer(815301076,1909f56bfc062723c751e8b465ee728b)  -> (artifact id: 'ac3cbd4ba41e89f7f69420db851e1199') in 0.060746 seconds 
  Import took 0.127703 seconds .

========================================================================
Received Import Request.
  Time since last request: 0.000246 seconds.
  path: Assets/prefabs/mesopotamia/manusia/materials/MBlab_eyelash.mat
  artifactKey: Guid(85d255a63fc2dff42a31db80ccc527d5) Importer(815301076,1909f56bfc062723c751e8b465ee728b)
Start importing Assets/prefabs/mesopotamia/manusia/materials/MBlab_eyelash.mat using Guid(85d255a63fc2dff42a31db80ccc527d5) Importer(815301076,1909f56bfc062723c751e8b465ee728b)  -> (artifact id: 'c3d8ca8591dcb06051cb90f42955f164') in 0.048104 seconds 
  Import took 0.117246 seconds .

========================================================================
Received Import Request.
  Time since last request: 0.000391 seconds.
  path: Assets/prefabs/mesopotamia/manusia/materials/MBlab_cornea.mat
  artifactKey: Guid(998d3e1d8a8d4ae43940672d051cf4f7) Importer(815301076,1909f56bfc062723c751e8b465ee728b)
Start importing Assets/prefabs/mesopotamia/manusia/materials/MBlab_cornea.mat using Guid(998d3e1d8a8d4ae43940672d051cf4f7) Importer(815301076,1909f56bfc062723c751e8b465ee728b)  -> (artifact id: 'ba628b1fe95a096429c8aa46b3901205') in 0.045029 seconds 
  Import took 0.129067 seconds .

========================================================================
Received Import Request.
  Time since last request: 0.000967 seconds.
  path: Assets/prefabs/mesopotamia/manusia/materials/MBlab_human_eyes.mat
  artifactKey: Guid(cca41ce1bbde18e4e9609baa03f149a0) Importer(815301076,1909f56bfc062723c751e8b465ee728b)
Start importing Assets/prefabs/mesopotamia/manusia/materials/MBlab_human_eyes.mat using Guid(cca41ce1bbde18e4e9609baa03f149a0) Importer(815301076,1909f56bfc062723c751e8b465ee728b)  -> (artifact id: '3942374d44cfa1f8a381a51629537fc0') in 0.060062 seconds 
  Import took 0.117021 seconds .

========================================================================
Received Import Request.
  Time since last request: 0.000290 seconds.
  path: Assets/prefabs/mesopotamia/manusia/materials/MBlab_pupil.mat
  artifactKey: Guid(64561ff93f279ab48a78c205dc61bbb6) Importer(815301076,1909f56bfc062723c751e8b465ee728b)
Start importing Assets/prefabs/mesopotamia/manusia/materials/MBlab_pupil.mat using Guid(64561ff93f279ab48a78c205dc61bbb6) Importer(815301076,1909f56bfc062723c751e8b465ee728b)  -> (artifact id: 'fd60af0f9906f2bfdfee3be4fe5e1ff4') in 0.066067 seconds 
  Import took 0.109236 seconds .

========================================================================
Received Import Request.
  Time since last request: 0.000362 seconds.
  path: Assets/prefabs/mesopotamia/manusia/materials/MBlab_generic.mat
  artifactKey: Guid(ed7dbd54b6f9f284d834abe3b93b2643) Importer(815301076,1909f56bfc062723c751e8b465ee728b)
Start importing Assets/prefabs/mesopotamia/manusia/materials/MBlab_generic.mat using Guid(ed7dbd54b6f9f284d834abe3b93b2643) Importer(815301076,1909f56bfc062723c751e8b465ee728b)  -> (artifact id: '68f4ac939474d6dabbc86f746511767c') in 0.086114 seconds 
  Import took 0.152456 seconds .

========================================================================
Received Import Request.
  Time since last request: 0.000249 seconds.
  path: Assets/prefabs/mesopotamia/manusia/materials/MBlab_iris.mat
  artifactKey: Guid(5ba1c91bfedc9bb40b2449e44b6de6c9) Importer(815301076,1909f56bfc062723c751e8b465ee728b)
Start importing Assets/prefabs/mesopotamia/manusia/materials/MBlab_iris.mat using Guid(5ba1c91bfedc9bb40b2449e44b6de6c9) Importer(815301076,1909f56bfc062723c751e8b465ee728b)  -> (artifact id: 'ad71b05436b00ee01ff286ac6b661756') in 0.046451 seconds 
  Import took 0.109116 seconds .

========================================================================
Received Import Request.
  Time since last request: 0.000304 seconds.
  path: Assets/prefabs/mesopotamia/manusia/materials/MBLab_tongue.mat
  artifactKey: Guid(a0e4958c7b15a8d4ea6016486c13d867) Importer(815301076,1909f56bfc062723c751e8b465ee728b)
Start importing Assets/prefabs/mesopotamia/manusia/materials/MBLab_tongue.mat using Guid(a0e4958c7b15a8d4ea6016486c13d867) Importer(815301076,1909f56bfc062723c751e8b465ee728b)  -> (artifact id: '1a59860fc57354487e1b91cc439d5f85') in 0.071122 seconds 
  Import took 0.113975 seconds .

========================================================================
Received Import Request.
  Time since last request: 0.000300 seconds.
  path: Assets/prefabs/mesopotamia/manusia/materials/FABRIC_2_FRONT_6767.001.mat
  artifactKey: Guid(ed5e41575aa17ce4fa745e524f55217d) Importer(815301076,1909f56bfc062723c751e8b465ee728b)
Start importing Assets/prefabs/mesopotamia/manusia/materials/FABRIC_2_FRONT_6767.001.mat using Guid(ed5e41575aa17ce4fa745e524f55217d) Importer(815301076,1909f56bfc062723c751e8b465ee728b)  -> (artifact id: '1753b1e95e60f07c71b033eee1c48e3a') in 0.073556 seconds 
  Import took 0.144543 seconds .

========================================================================
Received Import Request.
  Time since last request: 0.000273 seconds.
  path: Assets/prefabs/mesopotamia/manusia/materials/MBLab_nails.mat
  artifactKey: Guid(a2b9806bcc6b37142ba7d4d13f4cec42) Importer(815301076,1909f56bfc062723c751e8b465ee728b)
Start importing Assets/prefabs/mesopotamia/manusia/materials/MBLab_nails.mat using Guid(a2b9806bcc6b37142ba7d4d13f4cec42) Importer(815301076,1909f56bfc062723c751e8b465ee728b)  -> (artifact id: 'f7462a611608bb79fe4a8d2418f7eebc') in 0.068831 seconds 
  Import took 0.124705 seconds .

========================================================================
Received Import Request.
  Time since last request: 169.906581 seconds.
  path: Assets/prefabs/mesopotamia/manusia/materials/FABRIC_1_FRONT_1309.001.mat
  artifactKey: Guid(6a583dcd7940b3b4da47fbb6c47d601f) Importer(815301076,1909f56bfc062723c751e8b465ee728b)
Start importing Assets/prefabs/mesopotamia/manusia/materials/FABRIC_1_FRONT_1309.001.mat using Guid(6a583dcd7940b3b4da47fbb6c47d601f) Importer(815301076,1909f56bfc062723c751e8b465ee728b)  -> (artifact id: '2c8fe3c6971acf83bc25b63ba29b61f4') in 0.034735 seconds 
  Import took 0.051836 seconds .

========================================================================
Received Import Request.
  Time since last request: 0.000228 seconds.
  path: Assets/prefabs/mesopotamia/manusia/materials/MBlab_human_teeth.mat
  artifactKey: Guid(1463312bc161b7c4a90fd364a0c4e250) Importer(815301076,1909f56bfc062723c751e8b465ee728b)
Start importing Assets/prefabs/mesopotamia/manusia/materials/MBlab_human_teeth.mat using Guid(1463312bc161b7c4a90fd364a0c4e250) Importer(815301076,1909f56bfc062723c751e8b465ee728b)  -> (artifact id: '80d56b0b64fbc86e3d90366244a77e3e') in 0.061731 seconds 
  Import took 0.072337 seconds .

========================================================================
Received Import Request.
  Time since last request: 0.000222 seconds.
  path: Assets/prefabs/mesopotamia/manusia/materials/MBlab_eyelash.mat
  artifactKey: Guid(85d255a63fc2dff42a31db80ccc527d5) Importer(815301076,1909f56bfc062723c751e8b465ee728b)
Start importing Assets/prefabs/mesopotamia/manusia/materials/MBlab_eyelash.mat using Guid(85d255a63fc2dff42a31db80ccc527d5) Importer(815301076,1909f56bfc062723c751e8b465ee728b)  -> (artifact id: '895bc35133b0249c90fe3cc18feda7c6') in 0.026243 seconds 
  Import took 0.041520 seconds .

========================================================================
Received Import Request.
  Time since last request: 0.000265 seconds.
  path: Assets/prefabs/mesopotamia/manusia/materials/MBlab_cornea.mat
  artifactKey: Guid(998d3e1d8a8d4ae43940672d051cf4f7) Importer(815301076,1909f56bfc062723c751e8b465ee728b)
Start importing Assets/prefabs/mesopotamia/manusia/materials/MBlab_cornea.mat using Guid(998d3e1d8a8d4ae43940672d051cf4f7) Importer(815301076,1909f56bfc062723c751e8b465ee728b)  -> (artifact id: 'bdee90faea3afb39557f93581a076412') in 0.019452 seconds 
  Import took 0.040658 seconds .

========================================================================
Received Import Request.
  Time since last request: 0.000403 seconds.
  path: Assets/prefabs/mesopotamia/manusia/materials/MBlab_human_eyes.mat
  artifactKey: Guid(cca41ce1bbde18e4e9609baa03f149a0) Importer(815301076,1909f56bfc062723c751e8b465ee728b)
Start importing Assets/prefabs/mesopotamia/manusia/materials/MBlab_human_eyes.mat using Guid(cca41ce1bbde18e4e9609baa03f149a0) Importer(815301076,1909f56bfc062723c751e8b465ee728b)  -> (artifact id: 'd80b14e90f0e680c71fd7575eb7d42e6') in 0.032121 seconds 
  Import took 0.054717 seconds .

========================================================================
Received Import Request.
  Time since last request: 0.000719 seconds.
  path: Assets/prefabs/mesopotamia/manusia/materials/MBlab_generic.mat
  artifactKey: Guid(ed7dbd54b6f9f284d834abe3b93b2643) Importer(815301076,1909f56bfc062723c751e8b465ee728b)
Start importing Assets/prefabs/mesopotamia/manusia/materials/MBlab_generic.mat using Guid(ed7dbd54b6f9f284d834abe3b93b2643) Importer(815301076,1909f56bfc062723c751e8b465ee728b)  -> (artifact id: '010b87169389c8f33918afde19f0da62') in 0.028714 seconds 
  Import took 0.041852 seconds .

========================================================================
Received Import Request.
  Time since last request: 0.000250 seconds.
  path: Assets/prefabs/mesopotamia/manusia/materials/MBlab_iris.mat
  artifactKey: Guid(5ba1c91bfedc9bb40b2449e44b6de6c9) Importer(815301076,1909f56bfc062723c751e8b465ee728b)
Start importing Assets/prefabs/mesopotamia/manusia/materials/MBlab_iris.mat using Guid(5ba1c91bfedc9bb40b2449e44b6de6c9) Importer(815301076,1909f56bfc062723c751e8b465ee728b)  -> (artifact id: '50a7dc9861ea6ebecbd2523733155601') in 0.051495 seconds 
  Import took 0.068971 seconds .

========================================================================
Received Import Request.
  Time since last request: 0.001531 seconds.
  path: Assets/prefabs/mesopotamia/manusia/materials/FABRIC_2_FRONT_6767.001.mat
  artifactKey: Guid(ed5e41575aa17ce4fa745e524f55217d) Importer(815301076,1909f56bfc062723c751e8b465ee728b)
Start importing Assets/prefabs/mesopotamia/manusia/materials/FABRIC_2_FRONT_6767.001.mat using Guid(ed5e41575aa17ce4fa745e524f55217d) Importer(815301076,1909f56bfc062723c751e8b465ee728b)  -> (artifact id: 'dbd8088124a4565a3d0bd487b1776702') in 0.035475 seconds 
  Import took 0.060239 seconds .

========================================================================
Received Import Request.
  Time since last request: 0.000373 seconds.
  path: Assets/prefabs/mesopotamia/manusia/materials/MBLab_nails.mat
  artifactKey: Guid(a2b9806bcc6b37142ba7d4d13f4cec42) Importer(815301076,1909f56bfc062723c751e8b465ee728b)
Start importing Assets/prefabs/mesopotamia/manusia/materials/MBLab_nails.mat using Guid(a2b9806bcc6b37142ba7d4d13f4cec42) Importer(815301076,1909f56bfc062723c751e8b465ee728b)  -> (artifact id: '94af849548afa823d15d3d650b2347c7') in 0.026616 seconds 
  Import took 0.047575 seconds .

AssetImportWorkerClient::OnTransportError - code=2 error=End of file
