Using pre-set license
Built from '2020.3/staging' branch; Version is '2020.3.20f1 (41c4e627c95f) revision 4310246'; Using compiler version '192528614'; Build Type 'Release'
OS: 'Windows 10 Home Single Language; OS build 19043.1348; Version 2009; 64bit' Language: 'en' Physical Memory: 3918 MB
BatchMode: 1, IsHumanControllingUs: 0, StartBugReporterOnCrash: 0, Is64bit: 1, IsPro: 0

COMMAND LINE ARGUMENTS:
C:\Program Files\Unity\Hub\Editor\2020.3.20f1\Editor\Unity.exe
-adb2
-batchMode
-noUpm
-name
AssetImportWorker1
-projectPath
C:/Users/ASUS-A407M/Documents/GitHub/game-rpg-urp-3
-logFile
Logs/AssetImportWorker1.log
-srvPort
55432
Successfully changed project path to: C:/Users/ASUS-A407M/Documents/GitHub/game-rpg-urp-3
C:/Users/ASUS-A407M/Documents/GitHub/game-rpg-urp-3
Using Asset Import Pipeline V2.
Refreshing native plugins compatible for Editor in 553.16 ms, found 3 plugins.
Preloading 0 native plugins for Editor in 0.00 ms.
Initialize engine version: 2020.3.20f1 (41c4e627c95f)
[Subsystems] Discovering subsystems at path C:/Program Files/Unity/Hub/Editor/2020.3.20f1/Editor/Data/Resources/UnitySubsystems
[Subsystems] Discovering subsystems at path C:/Users/ASUS-A407M/Documents/GitHub/game-rpg-urp-3/Assets
GfxDevice: creating device client; threaded=0
Direct3D:
    Version:  Direct3D 11.0 [level 11.1]
    Renderer: Intel(R) UHD Graphics 600 (ID=0x3185)
    Vendor:   
    VRAM:     1959 MB
    Driver:   27.20.100.8681
Initialize mono
Mono path[0] = 'C:/Program Files/Unity/Hub/Editor/2020.3.20f1/Editor/Data/Managed'
Mono path[1] = 'C:/Program Files/Unity/Hub/Editor/2020.3.20f1/Editor/Data/MonoBleedingEdge/lib/mono/unityjit'
Mono config path = 'C:/Program Files/Unity/Hub/Editor/2020.3.20f1/Editor/Data/MonoBleedingEdge/etc'
Using monoOptions --debugger-agent=transport=dt_socket,embedding=1,server=y,suspend=n,address=127.0.0.1:56584
Begin MonoManager ReloadAssembly
Registering precompiled unity dll's ...
Register platform support module: C:/Program Files/Unity/Hub/Editor/2020.3.20f1/Editor/Data/PlaybackEngines/WindowsStandaloneSupport/UnityEditor.WindowsStandalone.Extensions.dll
Registered in 0.006491 seconds.
Native extension for WindowsStandalone target not found
Refreshing native plugins compatible for Editor in 356.34 ms, found 3 plugins.
Preloading 0 native plugins for Editor in 0.00 ms.
Mono: successfully reloaded assembly
- Completed reload, in  6.802 seconds
Domain Reload Profiling:
	ReloadAssembly (6803ms)
		BeginReloadAssembly (135ms)
			ExecutionOrderSort (0ms)
			DisableScriptedObjects (0ms)
			BackupInstance (0ms)
			ReleaseScriptingObjects (0ms)
			CreateAndSetChildDomain (2ms)
		EndReloadAssembly (1635ms)
			LoadAssemblies (128ms)
			RebuildTransferFunctionScriptingTraits (0ms)
			SetupTypeCache (580ms)
			ReleaseScriptCaches (0ms)
			RebuildScriptCaches (94ms)
			SetupLoadedEditorAssemblies (758ms)
				LogAssemblyErrors (0ms)
				InitializePlatformSupportModulesInManaged (10ms)
				SetLoadedEditorAssemblies (1ms)
				RefreshPlugins (356ms)
				BeforeProcessingInitializeOnLoad (33ms)
				ProcessInitializeOnLoadAttributes (219ms)
				ProcessInitializeOnLoadMethodAttributes (138ms)
				AfterProcessingInitializeOnLoad (0ms)
				EditorAssembliesLoaded (0ms)
			ExecutionOrderSort2 (0ms)
			AwakeInstancesAfterBackupRestoration (0ms)
Platform modules already initialized, skipping
Registering precompiled user dll's ...
Registered in 0.024306 seconds.
Begin MonoManager ReloadAssembly
Native extension for WindowsStandalone target not found
Refreshing native plugins compatible for Editor in 637.61 ms, found 3 plugins.
Preloading 0 native plugins for Editor in 0.00 ms.
Mono: successfully reloaded assembly
- Completed reload, in  6.245 seconds
Domain Reload Profiling:
	ReloadAssembly (6247ms)
		BeginReloadAssembly (461ms)
			ExecutionOrderSort (0ms)
			DisableScriptedObjects (12ms)
			BackupInstance (0ms)
			ReleaseScriptingObjects (0ms)
			CreateAndSetChildDomain (93ms)
		EndReloadAssembly (5619ms)
			LoadAssemblies (382ms)
			RebuildTransferFunctionScriptingTraits (0ms)
			SetupTypeCache (1147ms)
			ReleaseScriptCaches (2ms)
			RebuildScriptCaches (234ms)
			SetupLoadedEditorAssemblies (2149ms)
				LogAssemblyErrors (0ms)
				InitializePlatformSupportModulesInManaged (17ms)
				SetLoadedEditorAssemblies (0ms)
				RefreshPlugins (638ms)
				BeforeProcessingInitializeOnLoad (299ms)
				ProcessInitializeOnLoadAttributes (1154ms)
				ProcessInitializeOnLoadMethodAttributes (24ms)
				AfterProcessingInitializeOnLoad (16ms)
				EditorAssembliesLoaded (1ms)
			ExecutionOrderSort2 (0ms)
			AwakeInstancesAfterBackupRestoration (16ms)
Platform modules already initialized, skipping
========================================================================
Worker process is ready to serve import requests
Launched and connected shader compiler UnityShaderCompiler.exe after 0.12 seconds
Refreshing native plugins compatible for Editor in 3.32 ms, found 3 plugins.
Preloading 0 native plugins for Editor in 0.00 ms.
Unloading 3992 Unused Serialized files (Serialized files now loaded: 0)
System memory in use before: 181.6 MB.
System memory in use after: 181.7 MB.

Unloading 39 unused Assets to reduce memory usage. Loaded Objects now: 4430.
Total: 11.282300 ms (FindLiveObjects: 1.870400 ms CreateObjectMapping: 0.603100 ms MarkObjects: 8.459700 ms  DeleteObjects: 0.345700 ms)

AssetImportParameters requested are different than current active one (requested -> active):
  custom:framework-win-MediaFoundation: 216162199b28c13a410421893ffa2e32 -> 
  custom:video-decoder-ogg-theora: a1e56fd34408186e4bbccfd4996cb3dc -> 
  custom:container-muxer-webm: aa71ff27fc2769a1b78a27578f13a17b -> 
  custom:container-demuxer-webm: 4f35f7cbe854078d1ac9338744f61a02 -> 
  custom:container-demuxer-ogg: 62fdf1f143b41e24485cea50d1cbac27 -> 
  custom:video-encoder-webm-vp8: eb34c28f22e8b96e1ab97ce403110664 -> 
  custom:video-decoder-webm-vp8: 9c59270c3fd7afecdb556c50c9e8de78 -> 
  custom:audio-decoder-ogg-vorbis: bf7c407c2cedff20999df2af8eb42d56 -> 
  custom:audio-encoder-webm-vorbis: bf7c407c2cedff20999df2af8eb42d56 -> 
========================================================================
Received Import Request.
  path: Assets/my project/prefabs/blaise pascal/house 1
  artifactKey: Guid(9a3e57ab41617ef44952add5ec89dba7) Importer(815301076,1909f56bfc062723c751e8b465ee728b)
Start importing Assets/my project/prefabs/blaise pascal/house 1 using Guid(9a3e57ab41617ef44952add5ec89dba7) Importer(815301076,1909f56bfc062723c751e8b465ee728b)  -> (artifact id: '011d11d9ffd5d2e7bef9c00c548a01f7') in 0.016663 seconds 
  Import took 0.029045 seconds .

========================================================================
Received Import Request.
  Time since last request: 3.676510 seconds.
  path: Assets/my project/prefabs/blaise pascal/house 1/source
  artifactKey: Guid(866f11b47d16d384fb25e8573357daf7) Importer(815301076,1909f56bfc062723c751e8b465ee728b)
Start importing Assets/my project/prefabs/blaise pascal/house 1/source using Guid(866f11b47d16d384fb25e8573357daf7) Importer(815301076,1909f56bfc062723c751e8b465ee728b)  -> (artifact id: '39bcd9daa2b19e7b4bbafc50a657269e') in 0.005348 seconds 
  Import took 0.036656 seconds .

========================================================================
Received Import Request.
  Time since last request: 0.763389 seconds.
  path: Assets/my project/prefabs/blaise pascal/house 1/source/House1.rar
  artifactKey: Guid(69092a17fdd9af6408db84457e4ba42f) Importer(815301076,1909f56bfc062723c751e8b465ee728b)
Start importing Assets/my project/prefabs/blaise pascal/house 1/source/House1.rar using Guid(69092a17fdd9af6408db84457e4ba42f) Importer(815301076,1909f56bfc062723c751e8b465ee728b)  -> (artifact id: '74130faf557de49e8e6d988fe4dc18cc') in 0.080032 seconds 
  Import took 0.115483 seconds .

========================================================================
Received Import Request.
  Time since last request: 29.048296 seconds.
  path: Assets/my project/prefabs/blaise pascal/house 1/textures
  artifactKey: Guid(b6b1f5f1a2a328f4595ed170e16bb3a4) Importer(815301076,1909f56bfc062723c751e8b465ee728b)
Start importing Assets/my project/prefabs/blaise pascal/house 1/textures using Guid(b6b1f5f1a2a328f4595ed170e16bb3a4) Importer(815301076,1909f56bfc062723c751e8b465ee728b)  -> (artifact id: '63f0745da6297d1d483c86e0eaa10813') in 0.012399 seconds 
  Import took 0.042226 seconds .

========================================================================
Received Import Request.
  Time since last request: 8.890949 seconds.
  path: Assets/my project/prefabs/blaise pascal/house 1/source/House1.fbx
  artifactKey: Guid(b65e2ed4453742a419ab7df5c79ec864) Importer(815301076,1909f56bfc062723c751e8b465ee728b)
Start importing Assets/my project/prefabs/blaise pascal/house 1/source/House1.fbx using Guid(b65e2ed4453742a419ab7df5c79ec864) Importer(815301076,1909f56bfc062723c751e8b465ee728b)  -> (artifact id: 'aec769ab4ee5d3c404691b366e92d95e') in 0.678381 seconds 
  Import took 0.692336 seconds .

========================================================================
Received Import Request.
  Time since last request: 11.053620 seconds.
  path: Assets/my project/prefabs/blaise pascal/house 1/materials
  artifactKey: Guid(30dbf3742c1b20a4f8ee3cb4ca363350) Importer(815301076,1909f56bfc062723c751e8b465ee728b)
Start importing Assets/my project/prefabs/blaise pascal/house 1/materials using Guid(30dbf3742c1b20a4f8ee3cb4ca363350) Importer(815301076,1909f56bfc062723c751e8b465ee728b)  -> (artifact id: '62bda95e657b8f8523eec9816e08c4a9') in 0.015310 seconds 
  Import took 0.040482 seconds .

========================================================================
Received Import Request.
  Time since last request: 21.644048 seconds.
  path: Assets/my project/prefabs/blaise pascal/house 1/House1.fbx
  artifactKey: Guid(b65e2ed4453742a419ab7df5c79ec864) Importer(815301076,1909f56bfc062723c751e8b465ee728b)
Start importing Assets/my project/prefabs/blaise pascal/house 1/House1.fbx using Guid(b65e2ed4453742a419ab7df5c79ec864) Importer(815301076,1909f56bfc062723c751e8b465ee728b)  -> (artifact id: 'c4cdf925142fd3e417cae9e5fd258338') in 0.093584 seconds 
  Import took 0.113754 seconds .

========================================================================
Received Import Request.
  Time since last request: 73.393941 seconds.
  path: Assets/my project/prefabs/blaise pascal/house 2
  artifactKey: Guid(aeff930ad5d6d0e4ca1652dcc6fb1699) Importer(815301076,1909f56bfc062723c751e8b465ee728b)
Start importing Assets/my project/prefabs/blaise pascal/house 2 using Guid(aeff930ad5d6d0e4ca1652dcc6fb1699) Importer(815301076,1909f56bfc062723c751e8b465ee728b)  -> (artifact id: '964f7700b05d0993abe755cb601a0309') in 0.010379 seconds 
  Import took 0.037459 seconds .

========================================================================
Received Import Request.
  Time since last request: 29.988756 seconds.
  path: Assets/my project/prefabs/blaise pascal/house 2/House2_Textures
  artifactKey: Guid(6973ad1021c1b9348b2bc4b455eb9b2a) Importer(815301076,1909f56bfc062723c751e8b465ee728b)
Start importing Assets/my project/prefabs/blaise pascal/house 2/House2_Textures using Guid(6973ad1021c1b9348b2bc4b455eb9b2a) Importer(815301076,1909f56bfc062723c751e8b465ee728b)  -> (artifact id: '9272d1fd664e0aa72efad7c9abf12bd9') in 0.011475 seconds 
  Import took 0.049710 seconds .

========================================================================
Received Import Request.
  Time since last request: 1.276555 seconds.
  path: Assets/my project/prefabs/blaise pascal/house 2/House2.fbx
  artifactKey: Guid(7efc6561899f7d146b4c9e9f2748e3d0) Importer(815301076,1909f56bfc062723c751e8b465ee728b)
Start importing Assets/my project/prefabs/blaise pascal/house 2/House2.fbx using Guid(7efc6561899f7d146b4c9e9f2748e3d0) Importer(815301076,1909f56bfc062723c751e8b465ee728b)  -> (artifact id: '6eeb54d8d5ec7e8548cc4ae6e1e5d56c') in 0.107568 seconds 
  Import took 0.127085 seconds .

========================================================================
Received Import Request.
  Time since last request: 4.995510 seconds.
  path: Assets/my project/prefabs/blaise pascal/house 2/materials
  artifactKey: Guid(70a51301275f2e648b30874e38d3d238) Importer(815301076,1909f56bfc062723c751e8b465ee728b)
Start importing Assets/my project/prefabs/blaise pascal/house 2/materials using Guid(70a51301275f2e648b30874e38d3d238) Importer(815301076,1909f56bfc062723c751e8b465ee728b)  -> (artifact id: '5ce18ddd462a0b7f6c6f256165998478') in 0.010290 seconds 
  Import took 0.033690 seconds .

========================================================================
Received Import Request.
  Time since last request: 5.701867 seconds.
  path: Assets/my project/prefabs/blaise pascal/house 2/House2.fbx
  artifactKey: Guid(7efc6561899f7d146b4c9e9f2748e3d0) Importer(815301076,1909f56bfc062723c751e8b465ee728b)
Start importing Assets/my project/prefabs/blaise pascal/house 2/House2.fbx using Guid(7efc6561899f7d146b4c9e9f2748e3d0) Importer(815301076,1909f56bfc062723c751e8b465ee728b)  -> (artifact id: '662888ef8c16bf72a7aa418e96ca617f') in 0.064159 seconds 
  Import took 0.093228 seconds .

========================================================================
Received Import Request.
  Time since last request: 10.580591 seconds.
  path: Assets/my project/prefabs/blaise pascal/house 2/textures
  artifactKey: Guid(6973ad1021c1b9348b2bc4b455eb9b2a) Importer(815301076,1909f56bfc062723c751e8b465ee728b)
Start importing Assets/my project/prefabs/blaise pascal/house 2/textures using Guid(6973ad1021c1b9348b2bc4b455eb9b2a) Importer(815301076,1909f56bfc062723c751e8b465ee728b)  -> (artifact id: '3a3082d81cd722c74b7e2ef87db98d3f') in 0.004146 seconds 
  Import took 0.030945 seconds .

========================================================================
Received Import Request.
  Time since last request: 58.907476 seconds.
  path: Assets/my project/prefabs/blaise pascal/house 3
  artifactKey: Guid(3bd41aa8829a0d04dab75072dbc664d9) Importer(815301076,1909f56bfc062723c751e8b465ee728b)
Start importing Assets/my project/prefabs/blaise pascal/house 3 using Guid(3bd41aa8829a0d04dab75072dbc664d9) Importer(815301076,1909f56bfc062723c751e8b465ee728b)  -> (artifact id: 'dc0100743568e17e152af336e1f881a3') in 0.013523 seconds 
  Import took 0.039594 seconds .

========================================================================
Received Import Request.
  Time since last request: 62.949641 seconds.
  path: Assets/my project/prefabs/blaise pascal/house 3/House3_Textures
  artifactKey: Guid(6b21eabba8106d040b7637b1e40745f9) Importer(815301076,1909f56bfc062723c751e8b465ee728b)
Start importing Assets/my project/prefabs/blaise pascal/house 3/House3_Textures using Guid(6b21eabba8106d040b7637b1e40745f9) Importer(815301076,1909f56bfc062723c751e8b465ee728b)  -> (artifact id: 'fca36e029b4d0664a7bf058cc0aecbf0') in 0.010774 seconds 
  Import took 0.052514 seconds .

========================================================================
Received Import Request.
  Time since last request: 4.599557 seconds.
  path: Assets/my project/prefabs/blaise pascal/house 3/textures
  artifactKey: Guid(6b21eabba8106d040b7637b1e40745f9) Importer(815301076,1909f56bfc062723c751e8b465ee728b)
Start importing Assets/my project/prefabs/blaise pascal/house 3/textures using Guid(6b21eabba8106d040b7637b1e40745f9) Importer(815301076,1909f56bfc062723c751e8b465ee728b)  -> (artifact id: '27ddc55c636ce6f28b598022344f3180') in 0.005630 seconds 
  Import took 0.030032 seconds .

========================================================================
Received Import Request.
  Time since last request: 4.664617 seconds.
  path: Assets/my project/prefabs/blaise pascal/house 3/materials
  artifactKey: Guid(b1f33bf5b12d3d4459764f17202f8784) Importer(815301076,1909f56bfc062723c751e8b465ee728b)
Start importing Assets/my project/prefabs/blaise pascal/house 3/materials using Guid(b1f33bf5b12d3d4459764f17202f8784) Importer(815301076,1909f56bfc062723c751e8b465ee728b)  -> (artifact id: 'f89a44e7e2c7d32ca3d0f04ff42500e5') in 0.009135 seconds 
  Import took 0.036144 seconds .

========================================================================
Received Import Request.
  Time since last request: 1.030365 seconds.
  path: Assets/my project/prefabs/blaise pascal/house 3/House3.fbx
  artifactKey: Guid(b847468b2cbc9214c98f9105bbd251d6) Importer(815301076,1909f56bfc062723c751e8b465ee728b)
Start importing Assets/my project/prefabs/blaise pascal/house 3/House3.fbx using Guid(b847468b2cbc9214c98f9105bbd251d6) Importer(815301076,1909f56bfc062723c751e8b465ee728b)  -> (artifact id: '0ec1f0ded53261aa1aee1020026298a1') in 0.094344 seconds 
  Import took 0.119566 seconds .

========================================================================
Received Import Request.
  Time since last request: 4.063584 seconds.
  path: Assets/my project/prefabs/blaise pascal/house 3/House3.fbx
  artifactKey: Guid(b847468b2cbc9214c98f9105bbd251d6) Importer(815301076,1909f56bfc062723c751e8b465ee728b)
Start importing Assets/my project/prefabs/blaise pascal/house 3/House3.fbx using Guid(b847468b2cbc9214c98f9105bbd251d6) Importer(815301076,1909f56bfc062723c751e8b465ee728b)  -> (artifact id: '4e0bffab95a1f2f01c244ec2781b9f79') in 0.069488 seconds 
  Import took 0.104541 seconds .

========================================================================
Received Import Request.
  Time since last request: 67.952370 seconds.
  path: Assets/my project/prefabs/blaise pascal/house 4
  artifactKey: Guid(bf9c8ca6a3e4f9f469eb98a77229a8bd) Importer(815301076,1909f56bfc062723c751e8b465ee728b)
Start importing Assets/my project/prefabs/blaise pascal/house 4 using Guid(bf9c8ca6a3e4f9f469eb98a77229a8bd) Importer(815301076,1909f56bfc062723c751e8b465ee728b)  -> (artifact id: '88fc8e1e85ba7f893d88ad0325fc9421') in 0.009006 seconds 
  Import took 0.037779 seconds .

========================================================================
Received Import Request.
  Time since last request: 95.639340 seconds.
  path: Assets/my project/prefabs/blaise pascal/house 4/materials
  artifactKey: Guid(30d8f2d8d7de8b44eb96098df1fa4a35) Importer(815301076,1909f56bfc062723c751e8b465ee728b)
Start importing Assets/my project/prefabs/blaise pascal/house 4/materials using Guid(30d8f2d8d7de8b44eb96098df1fa4a35) Importer(815301076,1909f56bfc062723c751e8b465ee728b)  -> (artifact id: '1a17b3ce8de9c8edb095fecffa432378') in 0.006648 seconds 
  Import took 0.032096 seconds .

========================================================================
Received Import Request.
  Time since last request: 1.209328 seconds.
  path: Assets/my project/prefabs/blaise pascal/house 4/House4.fbx
  artifactKey: Guid(6881f86c1a5783c4d84537c696297896) Importer(815301076,1909f56bfc062723c751e8b465ee728b)
Start importing Assets/my project/prefabs/blaise pascal/house 4/House4.fbx using Guid(6881f86c1a5783c4d84537c696297896) Importer(815301076,1909f56bfc062723c751e8b465ee728b)  -> (artifact id: '944de40b8c861f2929afefb2a3f93d1a') in 0.110727 seconds 
  Import took 0.128686 seconds .

========================================================================
Received Import Request.
  Time since last request: 4.917656 seconds.
  path: Assets/my project/prefabs/blaise pascal/house 4/House4.fbx
  artifactKey: Guid(6881f86c1a5783c4d84537c696297896) Importer(815301076,1909f56bfc062723c751e8b465ee728b)
Start importing Assets/my project/prefabs/blaise pascal/house 4/House4.fbx using Guid(6881f86c1a5783c4d84537c696297896) Importer(815301076,1909f56bfc062723c751e8b465ee728b)  -> (artifact id: '0fd2632f4e076593ddd383d88f65a8ad') in 0.110627 seconds 
  Import took 0.133034 seconds .

========================================================================
Received Import Request.
  Time since last request: 45.907966 seconds.
  path: Assets/my project/prefabs/blaise pascal/house 5
  artifactKey: Guid(a1333a67e321e3f41bf62d7418ec40ba) Importer(815301076,1909f56bfc062723c751e8b465ee728b)
Start importing Assets/my project/prefabs/blaise pascal/house 5 using Guid(a1333a67e321e3f41bf62d7418ec40ba) Importer(815301076,1909f56bfc062723c751e8b465ee728b)  -> (artifact id: '3cd4636d16d75706e2e901fa9a9693b9') in 0.010892 seconds 
  Import took 0.035774 seconds .

========================================================================
Received Import Request.
  Time since last request: 124.647372 seconds.
  path: Assets/my project/prefabs/blaise pascal/house 5/Source
  artifactKey: Guid(bd05f050fafab9143a55b8c6262e018b) Importer(815301076,1909f56bfc062723c751e8b465ee728b)
Start importing Assets/my project/prefabs/blaise pascal/house 5/Source using Guid(bd05f050fafab9143a55b8c6262e018b) Importer(815301076,1909f56bfc062723c751e8b465ee728b)  -> (artifact id: 'a3c151a92f0d96895c03c3ffc5b94022') in 0.020566 seconds 
  Import took 0.061006 seconds .

========================================================================
Received Import Request.
  Time since last request: 0.813610 seconds.
  path: Assets/my project/prefabs/blaise pascal/house 5/Source/Medieval_House.fbx
  artifactKey: Guid(d792e3c99acc13343a1601d84ae702c3) Importer(815301076,1909f56bfc062723c751e8b465ee728b)
Start importing Assets/my project/prefabs/blaise pascal/house 5/Source/Medieval_House.fbx using Guid(d792e3c99acc13343a1601d84ae702c3) Importer(815301076,1909f56bfc062723c751e8b465ee728b)  -> (artifact id: '080e775f0b864fc1371ab63baa7d0804') in 0.105972 seconds 
  Import took 0.125004 seconds .

========================================================================
Received Import Request.
  Time since last request: 9.311113 seconds.
  path: Assets/my project/prefabs/blaise pascal/house 5/materials
  artifactKey: Guid(bd05f050fafab9143a55b8c6262e018b) Importer(815301076,1909f56bfc062723c751e8b465ee728b)
Start importing Assets/my project/prefabs/blaise pascal/house 5/materials using Guid(bd05f050fafab9143a55b8c6262e018b) Importer(815301076,1909f56bfc062723c751e8b465ee728b)  -> (artifact id: '16c89866e146d868d5768e23ec430367') in 0.004167 seconds 
  Import took 0.031027 seconds .

========================================================================
Received Import Request.
  Time since last request: 5.156126 seconds.
  path: Assets/my project/prefabs/blaise pascal/house 5/Medieval_House.fbx
  artifactKey: Guid(d792e3c99acc13343a1601d84ae702c3) Importer(815301076,1909f56bfc062723c751e8b465ee728b)
Start importing Assets/my project/prefabs/blaise pascal/house 5/Medieval_House.fbx using Guid(d792e3c99acc13343a1601d84ae702c3) Importer(815301076,1909f56bfc062723c751e8b465ee728b)  -> (artifact id: '02796c243825a9a194e5664fc9a259fc') in 0.076279 seconds 
  Import took 0.115397 seconds .

========================================================================
Received Import Request.
  Time since last request: 307.659928 seconds.
  path: Assets/ADG_Textures/ground_vol1/ground13/ground13_Diffuse.tga
  artifactKey: Guid(cce9f7be0e1b10244979707127c0bfc5) Importer(815301076,1909f56bfc062723c751e8b465ee728b)
Start importing Assets/ADG_Textures/ground_vol1/ground13/ground13_Diffuse.tga using Guid(cce9f7be0e1b10244979707127c0bfc5) Importer(815301076,1909f56bfc062723c751e8b465ee728b)  -> (artifact id: 'a9bc52aacd631d4ffec88dacae0b271e') in 0.125407 seconds 
  Import took 0.156746 seconds .

========================================================================
Received Import Request.
  Time since last request: 205.754144 seconds.
  path: Assets/my project/Scenes/NewLayer 7.terrainlayer
  artifactKey: Guid(f694bd6db0a9a32418c7b920d0e2ed0b) Importer(815301076,1909f56bfc062723c751e8b465ee728b)
Start importing Assets/my project/Scenes/NewLayer 7.terrainlayer using Guid(f694bd6db0a9a32418c7b920d0e2ed0b) Importer(815301076,1909f56bfc062723c751e8b465ee728b)  -> (artifact id: 'c8951487f0399186cf6222d98ba2b9ff') in 0.092095 seconds 
  Import took 0.115233 seconds .

========================================================================
Received Prepare
Registering precompiled user dll's ...
Registered in 0.018555 seconds.
Begin MonoManager ReloadAssembly
Native extension for WindowsStandalone target not found
Refreshing native plugins compatible for Editor in 3.59 ms, found 3 plugins.
Preloading 0 native plugins for Editor in 0.00 ms.
Mono: successfully reloaded assembly
- Completed reload, in  2.852 seconds
Domain Reload Profiling:
	ReloadAssembly (2854ms)
		BeginReloadAssembly (374ms)
			ExecutionOrderSort (0ms)
			DisableScriptedObjects (16ms)
			BackupInstance (0ms)
			ReleaseScriptingObjects (0ms)
			CreateAndSetChildDomain (134ms)
		EndReloadAssembly (2304ms)
			LoadAssemblies (244ms)
			RebuildTransferFunctionScriptingTraits (0ms)
			SetupTypeCache (807ms)
			ReleaseScriptCaches (3ms)
			RebuildScriptCaches (113ms)
			SetupLoadedEditorAssemblies (804ms)
				LogAssemblyErrors (0ms)
				InitializePlatformSupportModulesInManaged (9ms)
				SetLoadedEditorAssemblies (1ms)
				RefreshPlugins (4ms)
				BeforeProcessingInitializeOnLoad (231ms)
				ProcessInitializeOnLoadAttributes (530ms)
				ProcessInitializeOnLoadMethodAttributes (14ms)
				AfterProcessingInitializeOnLoad (15ms)
				EditorAssembliesLoaded (1ms)
			ExecutionOrderSort2 (0ms)
			AwakeInstancesAfterBackupRestoration (34ms)
Platform modules already initialized, skipping
Refreshing native plugins compatible for Editor in 3.61 ms, found 3 plugins.
Preloading 0 native plugins for Editor in 0.00 ms.
Unloading 3835 Unused Serialized files (Serialized files now loaded: 0)
System memory in use before: 175.4 MB.
System memory in use after: 175.6 MB.

Unloading 32 unused Assets to reduce memory usage. Loaded Objects now: 4517.
Total: 10.042900 ms (FindLiveObjects: 1.059500 ms CreateObjectMapping: 0.368500 ms MarkObjects: 8.377000 ms  DeleteObjects: 0.234800 ms)

AssetImportParameters requested are different than current active one (requested -> active):
  custom:framework-win-MediaFoundation: 216162199b28c13a410421893ffa2e32 -> 
  custom:video-decoder-ogg-theora: a1e56fd34408186e4bbccfd4996cb3dc -> 
  custom:container-muxer-webm: aa71ff27fc2769a1b78a27578f13a17b -> 
  custom:container-demuxer-webm: 4f35f7cbe854078d1ac9338744f61a02 -> 
  custom:container-demuxer-ogg: 62fdf1f143b41e24485cea50d1cbac27 -> 
  custom:video-encoder-webm-vp8: eb34c28f22e8b96e1ab97ce403110664 -> 
  custom:video-decoder-webm-vp8: 9c59270c3fd7afecdb556c50c9e8de78 -> 
  custom:audio-decoder-ogg-vorbis: bf7c407c2cedff20999df2af8eb42d56 -> 
  custom:audio-encoder-webm-vorbis: bf7c407c2cedff20999df2af8eb42d56 -> 
========================================================================
Received Import Request.
  Time since last request: 505.638030 seconds.
  path: Assets/my project/prefabs/blaise pascal/props
  artifactKey: Guid(ed4f80f40e55c504eb85fda7983634ce) Importer(815301076,1909f56bfc062723c751e8b465ee728b)
Start importing Assets/my project/prefabs/blaise pascal/props using Guid(ed4f80f40e55c504eb85fda7983634ce) Importer(815301076,1909f56bfc062723c751e8b465ee728b)  -> (artifact id: '726c3e1afb73350a931daafe8ddcf169') in 0.023446 seconds 
  Import took 0.050484 seconds .

========================================================================
Received Import Request.
  Time since last request: 123.292018 seconds.
  path: Assets/my project/prefabs/blaise pascal/props/medieval-wooden-props
  artifactKey: Guid(3b67935219bfc7c4d88f9d71ec0999cd) Importer(815301076,1909f56bfc062723c751e8b465ee728b)
Start importing Assets/my project/prefabs/blaise pascal/props/medieval-wooden-props using Guid(3b67935219bfc7c4d88f9d71ec0999cd) Importer(815301076,1909f56bfc062723c751e8b465ee728b)  -> (artifact id: 'bcde67e4c77f52f512ae4e25096258c3') in 0.012357 seconds 
  Import took 0.040213 seconds .

========================================================================
Received Import Request.
  Time since last request: 0.930936 seconds.
  path: Assets/my project/prefabs/blaise pascal/props/medieval-wooden-props/source
  artifactKey: Guid(95518a92d0fb59c43813b1d26195acbb) Importer(815301076,1909f56bfc062723c751e8b465ee728b)
Start importing Assets/my project/prefabs/blaise pascal/props/medieval-wooden-props/source using Guid(95518a92d0fb59c43813b1d26195acbb) Importer(815301076,1909f56bfc062723c751e8b465ee728b)  -> (artifact id: '3bdd75ef7e880f661ffb5b8bfb271ca2') in 0.016774 seconds 
  Import took 0.043236 seconds .

========================================================================
Received Import Request.
  Time since last request: 0.688125 seconds.
  path: Assets/my project/prefabs/blaise pascal/props/medieval-wooden-props/source/Wooden_Props.fbx
  artifactKey: Guid(e425e36f1aa60d74d9d8354b0d23c8b9) Importer(815301076,1909f56bfc062723c751e8b465ee728b)
Start importing Assets/my project/prefabs/blaise pascal/props/medieval-wooden-props/source/Wooden_Props.fbx using Guid(e425e36f1aa60d74d9d8354b0d23c8b9) Importer(815301076,1909f56bfc062723c751e8b465ee728b)  -> (artifact id: 'd3b2ee313b49485c0c76a451f8504069') in 1.528305 seconds 
  Import took 1.585837 seconds .

========================================================================
Received Import Request.
  Time since last request: 12.775651 seconds.
  path: Assets/my project/prefabs/blaise pascal/props/medieval-wooden-props/materials
  artifactKey: Guid(b2c806ee6fa20034ba79c21021f72f3b) Importer(815301076,1909f56bfc062723c751e8b465ee728b)
Start importing Assets/my project/prefabs/blaise pascal/props/medieval-wooden-props/materials using Guid(b2c806ee6fa20034ba79c21021f72f3b) Importer(815301076,1909f56bfc062723c751e8b465ee728b)  -> (artifact id: 'bab6f63395355105027bfe07b3db14a7') in 0.012875 seconds 
  Import took 0.036784 seconds .

========================================================================
Received Import Request.
  Time since last request: 13.753176 seconds.
  path: Assets/my project/prefabs/blaise pascal/props/medieval-wooden-props/source/Wooden_Props.fbx
  artifactKey: Guid(e425e36f1aa60d74d9d8354b0d23c8b9) Importer(815301076,1909f56bfc062723c751e8b465ee728b)
Start importing Assets/my project/prefabs/blaise pascal/props/medieval-wooden-props/source/Wooden_Props.fbx using Guid(e425e36f1aa60d74d9d8354b0d23c8b9) Importer(815301076,1909f56bfc062723c751e8b465ee728b)  -> (artifact id: '6ab2c730198652b486420474fb8e07c1') in 0.443286 seconds 
  Import took 0.464380 seconds .

========================================================================
Received Import Request.
  Time since last request: 53.057455 seconds.
  path: Assets/my project/prefabs/blaise pascal/props/medieval-wooden-props/source/Barril.prefab
  artifactKey: Guid(6c67b82187a7ca7469d1312da00f49d7) Importer(815301076,1909f56bfc062723c751e8b465ee728b)
Start importing Assets/my project/prefabs/blaise pascal/props/medieval-wooden-props/source/Barril.prefab using Guid(6c67b82187a7ca7469d1312da00f49d7) Importer(815301076,1909f56bfc062723c751e8b465ee728b)  -> (artifact id: '750ccd30144d0e4d83d537a7207412b6') in 0.108777 seconds 
  Import took 0.136589 seconds .

========================================================================
Received Import Request.
  Time since last request: 2.454903 seconds.
  path: Assets/my project/prefabs/blaise pascal/props/medieval-wooden-props/source/Box.prefab
  artifactKey: Guid(8760cd2026b244a4db8be54104148c48) Importer(815301076,1909f56bfc062723c751e8b465ee728b)
Start importing Assets/my project/prefabs/blaise pascal/props/medieval-wooden-props/source/Box.prefab using Guid(8760cd2026b244a4db8be54104148c48) Importer(815301076,1909f56bfc062723c751e8b465ee728b)  -> (artifact id: 'e1f99e1f7e918d4467e437085b8c8d68') in 0.093413 seconds 
  Import took 0.113412 seconds .

========================================================================
Received Import Request.
  Time since last request: 1.677573 seconds.
  path: Assets/my project/prefabs/blaise pascal/props/medieval-wooden-props/source/Stool.prefab
  artifactKey: Guid(a7298fde28f08244d8c23a4b0052386a) Importer(815301076,1909f56bfc062723c751e8b465ee728b)
Start importing Assets/my project/prefabs/blaise pascal/props/medieval-wooden-props/source/Stool.prefab using Guid(a7298fde28f08244d8c23a4b0052386a) Importer(815301076,1909f56bfc062723c751e8b465ee728b)  -> (artifact id: '18c0eafad4c7ef2dbcee3dc891b53eea') in 0.088334 seconds 
  Import took 0.109156 seconds .

========================================================================
Received Import Request.
  Time since last request: 1.979845 seconds.
  path: Assets/my project/prefabs/blaise pascal/props/medieval-wooden-props/source/Table.prefab
  artifactKey: Guid(24f00b41c8954994eb04d00243b8965c) Importer(815301076,1909f56bfc062723c751e8b465ee728b)
Start importing Assets/my project/prefabs/blaise pascal/props/medieval-wooden-props/source/Table.prefab using Guid(24f00b41c8954994eb04d00243b8965c) Importer(815301076,1909f56bfc062723c751e8b465ee728b)  -> (artifact id: '395e36061459cc829620046105e3e9f2') in 0.079212 seconds 
  Import took 0.101920 seconds .

========================================================================
Received Import Request.
  Time since last request: 1.980069 seconds.
  path: Assets/my project/prefabs/blaise pascal/props/medieval-wooden-props/source/Treasure_Chest.prefab
  artifactKey: Guid(be6804f696855c1418b63e2d47398230) Importer(815301076,1909f56bfc062723c751e8b465ee728b)
Start importing Assets/my project/prefabs/blaise pascal/props/medieval-wooden-props/source/Treasure_Chest.prefab using Guid(be6804f696855c1418b63e2d47398230) Importer(815301076,1909f56bfc062723c751e8b465ee728b)  -> (artifact id: 'a8a051ecc5ccd7a4470979498543c77e') in 0.077214 seconds 
  Import took 0.095633 seconds .

========================================================================
Received Import Request.
  Time since last request: 276.284899 seconds.
  path: Assets/my project/prefabs/blaise pascal/props/medieval-wooden-props-2
  artifactKey: Guid(679de39930ce39048aa8a188dd5c89f3) Importer(815301076,1909f56bfc062723c751e8b465ee728b)
Start importing Assets/my project/prefabs/blaise pascal/props/medieval-wooden-props-2 using Guid(679de39930ce39048aa8a188dd5c89f3) Importer(815301076,1909f56bfc062723c751e8b465ee728b)  -> (artifact id: '43bff2c0addc233bb77579b3bac941b3') in 0.016812 seconds 
  Import took 0.042101 seconds .

========================================================================
Received Import Request.
  Time since last request: 5.365250 seconds.
  path: Assets/my project/prefabs/blaise pascal/props/medieval-wooden-props-2/materials
  artifactKey: Guid(ba1088fd019dbdc49a079a30853a08f2) Importer(815301076,1909f56bfc062723c751e8b465ee728b)
Start importing Assets/my project/prefabs/blaise pascal/props/medieval-wooden-props-2/materials using Guid(ba1088fd019dbdc49a079a30853a08f2) Importer(815301076,1909f56bfc062723c751e8b465ee728b)  -> (artifact id: 'd58267a54bf2f6d957ca30a8b0b4fb83') in 0.010689 seconds 
  Import took 0.038805 seconds .

========================================================================
Received Import Request.
  Time since last request: 1.397594 seconds.
  path: Assets/my project/prefabs/blaise pascal/props/medieval-wooden-props-2/source
  artifactKey: Guid(3e8d5267eb11d3945bac1084eb6de87f) Importer(815301076,1909f56bfc062723c751e8b465ee728b)
Start importing Assets/my project/prefabs/blaise pascal/props/medieval-wooden-props-2/source using Guid(3e8d5267eb11d3945bac1084eb6de87f) Importer(815301076,1909f56bfc062723c751e8b465ee728b)  -> (artifact id: '170df1703c39206f7f129e0a3c8a225d') in 0.009115 seconds 
  Import took 0.035561 seconds .

========================================================================
Received Import Request.
  Time since last request: 2.025660 seconds.
  path: Assets/my project/prefabs/blaise pascal/props/medieval-wooden-props-2/source/Wood_Props2 .fbx
  artifactKey: Guid(1a4e10c6030bcee48aa90f3a5478ed45) Importer(815301076,1909f56bfc062723c751e8b465ee728b)
Start importing Assets/my project/prefabs/blaise pascal/props/medieval-wooden-props-2/source/Wood_Props2 .fbx using Guid(1a4e10c6030bcee48aa90f3a5478ed45) Importer(815301076,1909f56bfc062723c751e8b465ee728b)  -> (artifact id: 'dba3b9097254f4a5654d1e65dcae0540') in 0.531629 seconds 
  Import took 0.551534 seconds .

========================================================================
Received Import Request.
  Time since last request: 7.348630 seconds.
  path: Assets/my project/prefabs/blaise pascal/props/medieval-wooden-props-2/source/Wood_Props2 .fbx
  artifactKey: Guid(1a4e10c6030bcee48aa90f3a5478ed45) Importer(815301076,1909f56bfc062723c751e8b465ee728b)
Start importing Assets/my project/prefabs/blaise pascal/props/medieval-wooden-props-2/source/Wood_Props2 .fbx using Guid(1a4e10c6030bcee48aa90f3a5478ed45) Importer(815301076,1909f56bfc062723c751e8b465ee728b)  -> (artifact id: 'c66cb41484483e9ef1edcda307aef54d') in 0.374456 seconds 
  Import took 0.403068 seconds .

========================================================================
Received Import Request.
  Time since last request: 33.413262 seconds.
  path: Assets/my project/prefabs/blaise pascal/props/medieval-wooden-props-2/source/Carriage.prefab
  artifactKey: Guid(9afdde5b68b227548b1fbfe3ecf66d2a) Importer(815301076,1909f56bfc062723c751e8b465ee728b)
Start importing Assets/my project/prefabs/blaise pascal/props/medieval-wooden-props-2/source/Carriage.prefab using Guid(9afdde5b68b227548b1fbfe3ecf66d2a) Importer(815301076,1909f56bfc062723c751e8b465ee728b)  -> (artifact id: '4c0041bca6655461f6c0620595325ca0') in 0.111804 seconds 
  Import took 0.136684 seconds .

========================================================================
Received Import Request.
  Time since last request: 1.742089 seconds.
  path: Assets/my project/prefabs/blaise pascal/props/medieval-wooden-props-2/source/Light_Post.prefab
  artifactKey: Guid(aca44a050761b1644a4f3f14d00d9acb) Importer(815301076,1909f56bfc062723c751e8b465ee728b)
Start importing Assets/my project/prefabs/blaise pascal/props/medieval-wooden-props-2/source/Light_Post.prefab using Guid(aca44a050761b1644a4f3f14d00d9acb) Importer(815301076,1909f56bfc062723c751e8b465ee728b)  -> (artifact id: 'd97fa52e78852b3cb4cd0f77e3e36254') in 0.093527 seconds 
  Import took 0.113429 seconds .

========================================================================
Received Import Request.
  Time since last request: 1.770847 seconds.
  path: Assets/my project/prefabs/blaise pascal/props/medieval-wooden-props-2/source/Wheel.001.prefab
  artifactKey: Guid(2cfa4647ff979624a821df415e60ba4c) Importer(815301076,1909f56bfc062723c751e8b465ee728b)
Start importing Assets/my project/prefabs/blaise pascal/props/medieval-wooden-props-2/source/Wheel.001.prefab using Guid(2cfa4647ff979624a821df415e60ba4c) Importer(815301076,1909f56bfc062723c751e8b465ee728b)  -> (artifact id: '2d529f6843199c057b2cdb9168377d96') in 0.088361 seconds 
  Import took 0.109369 seconds .

========================================================================
Received Import Request.
  Time since last request: 1.623568 seconds.
  path: Assets/my project/prefabs/blaise pascal/props/medieval-wooden-props-2/source/WoodenFence.prefab
  artifactKey: Guid(2e21519af9f191c42be3afe9e09c694d) Importer(815301076,1909f56bfc062723c751e8b465ee728b)
Start importing Assets/my project/prefabs/blaise pascal/props/medieval-wooden-props-2/source/WoodenFence.prefab using Guid(2e21519af9f191c42be3afe9e09c694d) Importer(815301076,1909f56bfc062723c751e8b465ee728b)  -> (artifact id: '7ec202b083ff785e6856d21796e68cc9') in 0.118483 seconds 
  Import took 0.138202 seconds .

========================================================================
Received Import Request.
  Time since last request: 82.814551 seconds.
  path: Assets/my project/prefabs/blaise pascal/props/medieval-wooden-props-2/source/WoodenFence.prefab
  artifactKey: Guid(2e21519af9f191c42be3afe9e09c694d) Importer(815301076,1909f56bfc062723c751e8b465ee728b)
Start importing Assets/my project/prefabs/blaise pascal/props/medieval-wooden-props-2/source/WoodenFence.prefab using Guid(2e21519af9f191c42be3afe9e09c694d) Importer(815301076,1909f56bfc062723c751e8b465ee728b)  -> (artifact id: '42a0dc54bff7a11925e4a3a96c431031') in 0.145014 seconds 
  Import took 0.160779 seconds .

========================================================================
Received Import Request.
  Time since last request: 125.043198 seconds.
  path: Assets/my project/prefabs/blaise pascal/props/medieval-wooden-props-2/source/long fance.prefab
  artifactKey: Guid(612aad2c5cdc9d6419d551739976906e) Importer(815301076,1909f56bfc062723c751e8b465ee728b)
Start importing Assets/my project/prefabs/blaise pascal/props/medieval-wooden-props-2/source/long fance.prefab using Guid(612aad2c5cdc9d6419d551739976906e) Importer(815301076,1909f56bfc062723c751e8b465ee728b)  -> (artifact id: '44377f4ac3130c60edd0f662c29b2f39') in 0.162238 seconds 
  Import took 0.180256 seconds .

========================================================================
Received Prepare
Registering precompiled user dll's ...
Registered in 0.024966 seconds.
Begin MonoManager ReloadAssembly
Native extension for WindowsStandalone target not found
Refreshing native plugins compatible for Editor in 4.02 ms, found 3 plugins.
Preloading 0 native plugins for Editor in 0.00 ms.
Mono: successfully reloaded assembly
- Completed reload, in  4.342 seconds
Domain Reload Profiling:
	ReloadAssembly (4343ms)
		BeginReloadAssembly (488ms)
			ExecutionOrderSort (0ms)
			DisableScriptedObjects (34ms)
			BackupInstance (0ms)
			ReleaseScriptingObjects (0ms)
			CreateAndSetChildDomain (221ms)
		EndReloadAssembly (3656ms)
			LoadAssemblies (305ms)
			RebuildTransferFunctionScriptingTraits (0ms)
			SetupTypeCache (1083ms)
			ReleaseScriptCaches (12ms)
			RebuildScriptCaches (258ms)
			SetupLoadedEditorAssemblies (1319ms)
				LogAssemblyErrors (0ms)
				InitializePlatformSupportModulesInManaged (19ms)
				SetLoadedEditorAssemblies (1ms)
				RefreshPlugins (4ms)
				BeforeProcessingInitializeOnLoad (367ms)
				ProcessInitializeOnLoadAttributes (878ms)
				ProcessInitializeOnLoadMethodAttributes (24ms)
				AfterProcessingInitializeOnLoad (24ms)
				EditorAssembliesLoaded (2ms)
			ExecutionOrderSort2 (0ms)
			AwakeInstancesAfterBackupRestoration (87ms)
Platform modules already initialized, skipping
Refreshing native plugins compatible for Editor in 4.28 ms, found 3 plugins.
Preloading 0 native plugins for Editor in 0.00 ms.
Unloading 3835 Unused Serialized files (Serialized files now loaded: 0)
System memory in use before: 175.7 MB.
System memory in use after: 175.9 MB.

Unloading 32 unused Assets to reduce memory usage. Loaded Objects now: 4555.
Total: 12.039000 ms (FindLiveObjects: 1.126800 ms CreateObjectMapping: 0.310400 ms MarkObjects: 10.351600 ms  DeleteObjects: 0.247500 ms)

AssetImportParameters requested are different than current active one (requested -> active):
  custom:framework-win-MediaFoundation: 216162199b28c13a410421893ffa2e32 -> 
  custom:video-decoder-ogg-theora: a1e56fd34408186e4bbccfd4996cb3dc -> 
  custom:container-muxer-webm: aa71ff27fc2769a1b78a27578f13a17b -> 
  custom:container-demuxer-webm: 4f35f7cbe854078d1ac9338744f61a02 -> 
  custom:container-demuxer-ogg: 62fdf1f143b41e24485cea50d1cbac27 -> 
  custom:video-encoder-webm-vp8: eb34c28f22e8b96e1ab97ce403110664 -> 
  custom:video-decoder-webm-vp8: 9c59270c3fd7afecdb556c50c9e8de78 -> 
  custom:audio-decoder-ogg-vorbis: bf7c407c2cedff20999df2af8eb42d56 -> 
  custom:audio-encoder-webm-vorbis: bf7c407c2cedff20999df2af8eb42d56 -> 
========================================================================
Received Import Request.
  Time since last request: 345.687062 seconds.
  path: Assets/my project/prefabs/blaise pascal/props/medieval-wooden-props-2/source/WoodenFence.prefab
  artifactKey: Guid(2e21519af9f191c42be3afe9e09c694d) Importer(815301076,1909f56bfc062723c751e8b465ee728b)
Start importing Assets/my project/prefabs/blaise pascal/props/medieval-wooden-props-2/source/WoodenFence.prefab using Guid(2e21519af9f191c42be3afe9e09c694d) Importer(815301076,1909f56bfc062723c751e8b465ee728b)  -> (artifact id: '12a629fc2ecc725da72328177e4a7007') in 0.673139 seconds 
  Import took 0.688303 seconds .

========================================================================
Received Prepare
Registering precompiled user dll's ...
Registered in 0.019172 seconds.
Begin MonoManager ReloadAssembly
Native extension for WindowsStandalone target not found
Refreshing native plugins compatible for Editor in 3.76 ms, found 3 plugins.
Preloading 0 native plugins for Editor in 0.00 ms.
Mono: successfully reloaded assembly
- Completed reload, in  3.782 seconds
Domain Reload Profiling:
	ReloadAssembly (3783ms)
		BeginReloadAssembly (791ms)
			ExecutionOrderSort (0ms)
			DisableScriptedObjects (38ms)
			BackupInstance (0ms)
			ReleaseScriptingObjects (0ms)
			CreateAndSetChildDomain (265ms)
		EndReloadAssembly (2805ms)
			LoadAssemblies (420ms)
			RebuildTransferFunctionScriptingTraits (0ms)
			SetupTypeCache (1129ms)
			ReleaseScriptCaches (4ms)
			RebuildScriptCaches (114ms)
			SetupLoadedEditorAssemblies (871ms)
				LogAssemblyErrors (0ms)
				InitializePlatformSupportModulesInManaged (9ms)
				SetLoadedEditorAssemblies (1ms)
				RefreshPlugins (4ms)
				BeforeProcessingInitializeOnLoad (233ms)
				ProcessInitializeOnLoadAttributes (593ms)
				ProcessInitializeOnLoadMethodAttributes (15ms)
				AfterProcessingInitializeOnLoad (16ms)
				EditorAssembliesLoaded (1ms)
			ExecutionOrderSort2 (0ms)
			AwakeInstancesAfterBackupRestoration (50ms)
Platform modules already initialized, skipping
Refreshing native plugins compatible for Editor in 4.94 ms, found 3 plugins.
Preloading 0 native plugins for Editor in 0.00 ms.
Unloading 3835 Unused Serialized files (Serialized files now loaded: 0)
System memory in use before: 175.9 MB.
System memory in use after: 176.1 MB.

Unloading 32 unused Assets to reduce memory usage. Loaded Objects now: 4593.
Total: 11.697400 ms (FindLiveObjects: 1.325500 ms CreateObjectMapping: 0.530500 ms MarkObjects: 9.589200 ms  DeleteObjects: 0.248900 ms)

AssetImportParameters requested are different than current active one (requested -> active):
  custom:framework-win-MediaFoundation: 216162199b28c13a410421893ffa2e32 -> 
  custom:video-decoder-ogg-theora: a1e56fd34408186e4bbccfd4996cb3dc -> 
  custom:container-muxer-webm: aa71ff27fc2769a1b78a27578f13a17b -> 
  custom:container-demuxer-webm: 4f35f7cbe854078d1ac9338744f61a02 -> 
  custom:container-demuxer-ogg: 62fdf1f143b41e24485cea50d1cbac27 -> 
  custom:video-encoder-webm-vp8: eb34c28f22e8b96e1ab97ce403110664 -> 
  custom:video-decoder-webm-vp8: 9c59270c3fd7afecdb556c50c9e8de78 -> 
  custom:audio-decoder-ogg-vorbis: bf7c407c2cedff20999df2af8eb42d56 -> 
  custom:audio-encoder-webm-vorbis: bf7c407c2cedff20999df2af8eb42d56 -> 
========================================================================
Received Prepare
Registering precompiled user dll's ...
Registered in 0.016284 seconds.
Begin MonoManager ReloadAssembly
Native extension for WindowsStandalone target not found
Refreshing native plugins compatible for Editor in 4.36 ms, found 3 plugins.
Preloading 0 native plugins for Editor in 0.00 ms.
Mono: successfully reloaded assembly
- Completed reload, in  3.024 seconds
Domain Reload Profiling:
	ReloadAssembly (3025ms)
		BeginReloadAssembly (291ms)
			ExecutionOrderSort (0ms)
			DisableScriptedObjects (12ms)
			BackupInstance (0ms)
			ReleaseScriptingObjects (0ms)
			CreateAndSetChildDomain (91ms)
		EndReloadAssembly (2580ms)
			LoadAssemblies (253ms)
			RebuildTransferFunctionScriptingTraits (0ms)
			SetupTypeCache (887ms)
			ReleaseScriptCaches (4ms)
			RebuildScriptCaches (154ms)
			SetupLoadedEditorAssemblies (850ms)
				LogAssemblyErrors (0ms)
				InitializePlatformSupportModulesInManaged (10ms)
				SetLoadedEditorAssemblies (1ms)
				RefreshPlugins (5ms)
				BeforeProcessingInitializeOnLoad (263ms)
				ProcessInitializeOnLoadAttributes (540ms)
				ProcessInitializeOnLoadMethodAttributes (14ms)
				AfterProcessingInitializeOnLoad (15ms)
				EditorAssembliesLoaded (1ms)
			ExecutionOrderSort2 (0ms)
			AwakeInstancesAfterBackupRestoration (42ms)
Platform modules already initialized, skipping
Refreshing native plugins compatible for Editor in 3.62 ms, found 3 plugins.
Preloading 0 native plugins for Editor in 0.00 ms.
Unloading 3835 Unused Serialized files (Serialized files now loaded: 0)
System memory in use before: 175.9 MB.
System memory in use after: 176.1 MB.

Unloading 32 unused Assets to reduce memory usage. Loaded Objects now: 4595.
Total: 10.416000 ms (FindLiveObjects: 1.172000 ms CreateObjectMapping: 0.355600 ms MarkObjects: 8.590900 ms  DeleteObjects: 0.288500 ms)

AssetImportParameters requested are different than current active one (requested -> active):
  custom:framework-win-MediaFoundation: 216162199b28c13a410421893ffa2e32 -> 
  custom:video-decoder-ogg-theora: a1e56fd34408186e4bbccfd4996cb3dc -> 
  custom:container-muxer-webm: aa71ff27fc2769a1b78a27578f13a17b -> 
  custom:container-demuxer-webm: 4f35f7cbe854078d1ac9338744f61a02 -> 
  custom:container-demuxer-ogg: 62fdf1f143b41e24485cea50d1cbac27 -> 
  custom:video-encoder-webm-vp8: eb34c28f22e8b96e1ab97ce403110664 -> 
  custom:video-decoder-webm-vp8: 9c59270c3fd7afecdb556c50c9e8de78 -> 
  custom:audio-decoder-ogg-vorbis: bf7c407c2cedff20999df2af8eb42d56 -> 
  custom:audio-encoder-webm-vorbis: bf7c407c2cedff20999df2af8eb42d56 -> 
========================================================================
Received Import Request.
  Time since last request: 165.079740 seconds.
  path: Assets/my project/prefabs/blaise pascal/props/medieval-wooden-props-2/source/WoodenFence.prefab
  artifactKey: Guid(2e21519af9f191c42be3afe9e09c694d) Importer(815301076,1909f56bfc062723c751e8b465ee728b)
Start importing Assets/my project/prefabs/blaise pascal/props/medieval-wooden-props-2/source/WoodenFence.prefab using Guid(2e21519af9f191c42be3afe9e09c694d) Importer(815301076,1909f56bfc062723c751e8b465ee728b)  -> (artifact id: '23b0c7b8c154bcfb87cab059c8c35d42') in 0.472969 seconds 
  Import took 0.487376 seconds .

========================================================================
Received Prepare
Registering precompiled user dll's ...
Registered in 0.018797 seconds.
Begin MonoManager ReloadAssembly
Native extension for WindowsStandalone target not found
Refreshing native plugins compatible for Editor in 4.18 ms, found 3 plugins.
Preloading 0 native plugins for Editor in 0.00 ms.
Mono: successfully reloaded assembly
- Completed reload, in  3.778 seconds
Domain Reload Profiling:
	ReloadAssembly (3779ms)
		BeginReloadAssembly (285ms)
			ExecutionOrderSort (0ms)
			DisableScriptedObjects (15ms)
			BackupInstance (0ms)
			ReleaseScriptingObjects (2ms)
			CreateAndSetChildDomain (95ms)
		EndReloadAssembly (3328ms)
			LoadAssemblies (301ms)
			RebuildTransferFunctionScriptingTraits (0ms)
			SetupTypeCache (866ms)
			ReleaseScriptCaches (4ms)
			RebuildScriptCaches (128ms)
			SetupLoadedEditorAssemblies (1354ms)
				LogAssemblyErrors (0ms)
				InitializePlatformSupportModulesInManaged (18ms)
				SetLoadedEditorAssemblies (1ms)
				RefreshPlugins (4ms)
				BeforeProcessingInitializeOnLoad (468ms)
				ProcessInitializeOnLoadAttributes (824ms)
				ProcessInitializeOnLoadMethodAttributes (16ms)
				AfterProcessingInitializeOnLoad (22ms)
				EditorAssembliesLoaded (1ms)
			ExecutionOrderSort2 (0ms)
			AwakeInstancesAfterBackupRestoration (45ms)
Platform modules already initialized, skipping
Refreshing native plugins compatible for Editor in 4.37 ms, found 3 plugins.
Preloading 0 native plugins for Editor in 0.00 ms.
Unloading 3835 Unused Serialized files (Serialized files now loaded: 0)
System memory in use before: 176.1 MB.
System memory in use after: 176.3 MB.

Unloading 32 unused Assets to reduce memory usage. Loaded Objects now: 4633.
Total: 14.265300 ms (FindLiveObjects: 1.285000 ms CreateObjectMapping: 0.737400 ms MarkObjects: 11.999600 ms  DeleteObjects: 0.239800 ms)

AssetImportParameters requested are different than current active one (requested -> active):
  custom:framework-win-MediaFoundation: 216162199b28c13a410421893ffa2e32 -> 
  custom:video-decoder-ogg-theora: a1e56fd34408186e4bbccfd4996cb3dc -> 
  custom:container-muxer-webm: aa71ff27fc2769a1b78a27578f13a17b -> 
  custom:container-demuxer-webm: 4f35f7cbe854078d1ac9338744f61a02 -> 
  custom:container-demuxer-ogg: 62fdf1f143b41e24485cea50d1cbac27 -> 
  custom:video-encoder-webm-vp8: eb34c28f22e8b96e1ab97ce403110664 -> 
  custom:video-decoder-webm-vp8: 9c59270c3fd7afecdb556c50c9e8de78 -> 
  custom:audio-decoder-ogg-vorbis: bf7c407c2cedff20999df2af8eb42d56 -> 
  custom:audio-encoder-webm-vorbis: bf7c407c2cedff20999df2af8eb42d56 -> 
========================================================================
Received Prepare
Registering precompiled user dll's ...
Registered in 0.018761 seconds.
Begin MonoManager ReloadAssembly
Native extension for WindowsStandalone target not found
Refreshing native plugins compatible for Editor in 4.17 ms, found 3 plugins.
Preloading 0 native plugins for Editor in 0.00 ms.
Mono: successfully reloaded assembly
- Completed reload, in  2.675 seconds
Domain Reload Profiling:
	ReloadAssembly (2676ms)
		BeginReloadAssembly (254ms)
			ExecutionOrderSort (0ms)
			DisableScriptedObjects (11ms)
			BackupInstance (0ms)
			ReleaseScriptingObjects (0ms)
			CreateAndSetChildDomain (78ms)
		EndReloadAssembly (2268ms)
			LoadAssemblies (238ms)
			RebuildTransferFunctionScriptingTraits (0ms)
			SetupTypeCache (763ms)
			ReleaseScriptCaches (3ms)
			RebuildScriptCaches (114ms)
			SetupLoadedEditorAssemblies (812ms)
				LogAssemblyErrors (0ms)
				InitializePlatformSupportModulesInManaged (9ms)
				SetLoadedEditorAssemblies (1ms)
				RefreshPlugins (4ms)
				BeforeProcessingInitializeOnLoad (233ms)
				ProcessInitializeOnLoadAttributes (534ms)
				ProcessInitializeOnLoadMethodAttributes (14ms)
				AfterProcessingInitializeOnLoad (15ms)
				EditorAssembliesLoaded (1ms)
			ExecutionOrderSort2 (0ms)
			AwakeInstancesAfterBackupRestoration (41ms)
Platform modules already initialized, skipping
Refreshing native plugins compatible for Editor in 3.59 ms, found 3 plugins.
Preloading 0 native plugins for Editor in 0.00 ms.
Unloading 3835 Unused Serialized files (Serialized files now loaded: 0)
System memory in use before: 176.1 MB.
System memory in use after: 176.3 MB.

Unloading 32 unused Assets to reduce memory usage. Loaded Objects now: 4635.
Total: 11.498700 ms (FindLiveObjects: 2.006100 ms CreateObjectMapping: 0.504300 ms MarkObjects: 8.726400 ms  DeleteObjects: 0.258800 ms)

AssetImportParameters requested are different than current active one (requested -> active):
  custom:framework-win-MediaFoundation: 216162199b28c13a410421893ffa2e32 -> 
  custom:video-decoder-ogg-theora: a1e56fd34408186e4bbccfd4996cb3dc -> 
  custom:container-muxer-webm: aa71ff27fc2769a1b78a27578f13a17b -> 
  custom:container-demuxer-webm: 4f35f7cbe854078d1ac9338744f61a02 -> 
  custom:container-demuxer-ogg: 62fdf1f143b41e24485cea50d1cbac27 -> 
  custom:video-encoder-webm-vp8: eb34c28f22e8b96e1ab97ce403110664 -> 
  custom:video-decoder-webm-vp8: 9c59270c3fd7afecdb556c50c9e8de78 -> 
  custom:audio-decoder-ogg-vorbis: bf7c407c2cedff20999df2af8eb42d56 -> 
  custom:audio-encoder-webm-vorbis: bf7c407c2cedff20999df2af8eb42d56 -> 
AssetImportWorkerClient::OnTransportError - code=2 error=End of file
